"../../../Engine/Content/EditorResources/S_Actor.uasset" 0
"../../../Engine/Content/EditorResources/S_Actor.ubulk" 1
"../../../Engine/Content/EditorResources/S_Actor.uexp" 2
"../../../Engine/Content/EditorResources/S_BoxReflectionCapture.uasset" 3
"../../../Engine/Content/EditorResources/S_BoxReflectionCapture.uexp" 4
"../../../Engine/Content/EngineResources/DefaultTexture.uasset" 5
"../../../Engine/Content/EngineResources/DefaultTexture.ubulk" 6
"../../../Engine/Content/EngineResources/DefaultTexture.uexp" 7
"../../../Engine/Content/EngineResources/DefaultTextureCube.uasset" 8
"../../../Engine/Content/EngineResources/DefaultTextureCube.uexp" 9
"../../../Engine/Content/EngineResources/DefaultVolumeTexture2D.uasset" 10
"../../../Engine/Content/EngineResources/DefaultVolumeTexture2D.uexp" 11
"../../../Engine/Content/EngineResources/DefaultVolumeTexture.uasset" 12
"../../../Engine/Content/EngineResources/DefaultVolumeTexture.uexp" 13
"../../../Engine/Content/EditorResources/S_Trigger.uasset" 14
"../../../Engine/Content/EditorResources/S_Trigger.ubulk" 15
"../../../Engine/Content/EditorResources/S_Trigger.uexp" 16
"../../../Engine/Content/EditorResources/S_TriggerBox.uasset" 17
"../../../Engine/Content/EditorResources/S_TriggerBox.uexp" 18
"../../../Engine/Content/EditorResources/S_TriggerCapsule.uasset" 19
"../../../Engine/Content/EditorResources/S_TriggerCapsule.uexp" 20
"../../../Engine/Content/EditorResources/S_TriggerSphere.uasset" 21
"../../../Engine/Content/EditorResources/S_TriggerSphere.uexp" 22
"../../../Engine/Content/EngineMeshes/Sphere.uasset" 23
"../../../Engine/Content/EngineMeshes/Sphere.ubulk" 24
"../../../Engine/Content/EngineMeshes/Sphere.uexp" 25
"../../../Engine/Content/EngineResources/GradientTexture0.uasset" 26
"../../../Engine/Content/EngineResources/GradientTexture0.uexp" 27
"../../../Engine/Content/VREditor/LaserPointer/VR_LaserPower_01.uasset" 28
"../../../Engine/Content/VREditor/LaserPointer/VR_LaserPower_01.ubulk" 29
"../../../Engine/Content/VREditor/LaserPointer/VR_LaserPower_01.uexp" 30
"../../../Engine/Content/VREditor/TransformGizmo/TransformGizmoMaterial.uasset" 31
"../../../Engine/Content/VREditor/TransformGizmo/TransformGizmoMaterial.uexp" 32
"../../../Engine/Content/VREditor/TransformGizmo/TranslucentTransformGizmoMaterial.uasset" 33
"../../../Engine/Content/VREditor/TransformGizmo/TranslucentTransformGizmoMaterial.uexp" 34
"../../../Engine/Content/VREditor/TransformGizmo/PlaneTranslationHandle.uasset" 35
"../../../Engine/Content/VREditor/TransformGizmo/PlaneTranslationHandle.ubulk" 36
"../../../Engine/Content/VREditor/TransformGizmo/PlaneTranslationHandle.uexp" 37
"../../../Engine/Content/VREditor/TransformGizmo/BoundingBoxCorner.uasset" 38
"../../../Engine/Content/VREditor/TransformGizmo/BoundingBoxCorner.ubulk" 39
"../../../Engine/Content/VREditor/TransformGizmo/BoundingBoxCorner.uexp" 40
"../../../Engine/Content/VREditor/TransformGizmo/BoundingBoxEdge.uasset" 41
"../../../Engine/Content/VREditor/TransformGizmo/BoundingBoxEdge.ubulk" 42
"../../../Engine/Content/VREditor/TransformGizmo/BoundingBoxEdge.uexp" 43
"../../../Engine/Content/VREditor/TransformGizmo/Main.uasset" 44
"../../../Engine/Content/VREditor/TransformGizmo/Main.uexp" 45
"../../../Engine/Content/VREditor/TransformGizmo/Xray.uasset" 46
"../../../Engine/Content/VREditor/TransformGizmo/Xray.uexp" 47
"../../../Engine/Content/VREditor/TransformGizmo/SM_Sequencer_Node.uasset" 48
"../../../Engine/Content/VREditor/TransformGizmo/SM_Sequencer_Node.ubulk" 49
"../../../Engine/Content/VREditor/TransformGizmo/SM_Sequencer_Node.uexp" 50
"../../../Engine/Content/EditorMaterials/Camera/CineMat.uasset" 51
"../../../Engine/Content/EditorMaterials/Camera/CineMat.uexp" 52
"../../../Engine/Content/EditorMaterials/Camera/MI_CineMat_Rig.uasset" 53
"../../../Engine/Content/EditorMaterials/Camera/MI_CineMat_Rig.uexp" 54
"../../../Engine/Content/EditorMeshes/Camera/SM_CraneRig_Base.uasset" 55
"../../../Engine/Content/EditorMeshes/Camera/SM_CraneRig_Base.ubulk" 56
"../../../Engine/Content/EditorMeshes/Camera/SM_CraneRig_Base.uexp" 57
"../../../Engine/Content/EditorMeshes/Camera/SM_CraneRig_Arm.uasset" 58
"../../../Engine/Content/EditorMeshes/Camera/SM_CraneRig_Arm.ubulk" 59
"../../../Engine/Content/EditorMeshes/Camera/SM_CraneRig_Arm.uexp" 60
"../../../Engine/Content/EditorMeshes/Camera/SM_CraneRig_Mount.uasset" 61
"../../../Engine/Content/EditorMeshes/Camera/SM_CraneRig_Mount.ubulk" 62
"../../../Engine/Content/EditorMeshes/Camera/SM_CraneRig_Mount.uexp" 63
"../../../Engine/Content/EditorMeshes/Camera/SM_CraneRig_Body.uasset" 64
"../../../Engine/Content/EditorMeshes/Camera/SM_CraneRig_Body.ubulk" 65
"../../../Engine/Content/EditorMeshes/Camera/SM_CraneRig_Body.uexp" 66
"../../../Engine/Content/EditorMeshes/Camera/SM_RailRig_Track.uasset" 67
"../../../Engine/Content/EditorMeshes/Camera/SM_RailRig_Track.ubulk" 68
"../../../Engine/Content/EditorMeshes/Camera/SM_RailRig_Track.uexp" 69
"../../../Engine/Content/EditorMeshes/Camera/SM_RailRig_Mount.uasset" 70
"../../../Engine/Content/EditorMeshes/Camera/SM_RailRig_Mount.ubulk" 71
"../../../Engine/Content/EditorMeshes/Camera/SM_RailRig_Mount.uexp" 72
"../../../Engine/Content/EngineMaterials/T_Default_Material_Grid_M.uasset" 73
"../../../Engine/Content/EngineMaterials/T_Default_Material_Grid_M.ubulk" 74
"../../../Engine/Content/EngineMaterials/T_Default_Material_Grid_M.uexp" 75
"../../../Engine/Content/EngineMaterials/T_Default_Material_Grid_N.uasset" 76
"../../../Engine/Content/EngineMaterials/T_Default_Material_Grid_N.ubulk" 77
"../../../Engine/Content/EngineMaterials/T_Default_Material_Grid_N.uexp" 78
"../../../Engine/Content/Functions/Engine_MaterialFunctions01/Opacity/CameraDepthFade.uasset" 79
"../../../Engine/Content/Functions/Engine_MaterialFunctions01/Opacity/CameraDepthFade.uexp" 80
"../../../Engine/Content/EngineMaterials/WorldGridMaterial.uasset" 81
"../../../Engine/Content/EngineMaterials/WorldGridMaterial.uexp" 82
"../../../Engine/Content/ArtTools/RenderToTexture/Meshes/S_1_Unit_Plane.uasset" 83
"../../../Engine/Content/ArtTools/RenderToTexture/Meshes/S_1_Unit_Plane.ubulk" 84
"../../../Engine/Content/ArtTools/RenderToTexture/Meshes/S_1_Unit_Plane.uexp" 85
"../../../Engine/Content/EditorMaterials/ParticleSystems/PSysThumbnail_NoImage.uasset" 86
"../../../Engine/Content/EditorMaterials/ParticleSystems/PSysThumbnail_NoImage.ubulk" 87
"../../../Engine/Content/EditorMaterials/ParticleSystems/PSysThumbnail_NoImage.uexp" 88
"../../../Engine/Content/EditorMaterials/ParticleSystems/PSysThumbnail_OOD.uasset" 89
"../../../Engine/Content/EditorMaterials/ParticleSystems/PSysThumbnail_OOD.ubulk" 90
"../../../Engine/Content/EditorMaterials/ParticleSystems/PSysThumbnail_OOD.uexp" 91
"../../../Engine/Content/EditorLandscapeResources/SplineEditorMeshMat.uasset" 92
"../../../Engine/Content/EditorLandscapeResources/SplineEditorMeshMat.uexp" 93
"../../../Engine/Content/EditorLandscapeResources/SplineEditorMesh.uasset" 94
"../../../Engine/Content/EditorLandscapeResources/SplineEditorMesh.ubulk" 95
"../../../Engine/Content/EditorLandscapeResources/SplineEditorMesh.uexp" 96
"../../../Engine/Content/EditorResources/S_Solver.uasset" 97
"../../../Engine/Content/EditorResources/S_Solver.ubulk" 98
"../../../Engine/Content/EditorResources/S_Solver.uexp" 99
"../../../Engine/Content/EditorMeshes/EditorSphere.uasset" 100
"../../../Engine/Content/EditorMeshes/EditorSphere.ubulk" 101
"../../../Engine/Content/EditorMeshes/EditorSphere.uexp" 102
"../../../Engine/Plugins/Media/MediaPlate/Content/SM_MediaPlateScreen.uasset" 103
"../../../Engine/Plugins/Media/MediaPlate/Content/SM_MediaPlateScreen.ubulk" 104
"../../../Engine/Plugins/Media/MediaPlate/Content/SM_MediaPlateScreen.uexp" 105
"../../../Engine/Content/EngineMaterials/Good64x64TilingNoiseHighFreq.uasset" 106
"../../../Engine/Content/EngineMaterials/Good64x64TilingNoiseHighFreq.uexp" 107
"../../../Engine/Content/EngineMaterials/DefaultBokeh.uasset" 108
"../../../Engine/Content/EngineMaterials/DefaultBokeh.uexp" 109
"../../../Engine/Content/EngineMaterials/PreintegratedSkinBRDF.uasset" 110
"../../../Engine/Content/EngineMaterials/PreintegratedSkinBRDF.uexp" 111
"../../../Engine/Content/EngineMaterials/MiniFont.uasset" 112
"../../../Engine/Content/EngineMaterials/MiniFont.uexp" 113
"../../../Engine/Content/EngineMaterials/WeightMapPlaceholderTexture.uasset" 114
"../../../Engine/Content/EngineMaterials/WeightMapPlaceholderTexture.uexp" 115
"../../../Engine/Content/EngineMaterials/DefaultWhiteGrid.uasset" 116
"../../../Engine/Content/EngineMaterials/DefaultWhiteGrid.ubulk" 117
"../../../Engine/Content/EngineMaterials/DefaultWhiteGrid.uexp" 118
"../../../Engine/Content/Animation/DefaultRecorderBoneCompression.uasset" 119
"../../../Engine/Content/Animation/DefaultRecorderBoneCompression.uexp" 120
"../../../Engine/Content/EngineMaterials/DefaultMaterial.uasset" 121
"../../../Engine/Content/EngineMaterials/DefaultMaterial.uexp" 122
"../../../Engine/Content/BasicShapes/Sphere.uasset" 123
"../../../Engine/Content/BasicShapes/Sphere.ubulk" 124
"../../../Engine/Content/BasicShapes/Sphere.uexp" 125
"../../../Engine/Content/EditorLandscapeResources/DefaultAlphaTexture.uasset" 126
"../../../Engine/Content/EditorLandscapeResources/DefaultAlphaTexture.uexp" 127
"../../../Engine/Content/EditorLandscapeResources/DataLayer.uasset" 128
"../../../Engine/Content/EditorLandscapeResources/DataLayer.uexp" 129
"../../../Engine/Content/EditorMaterials/PreviewShadowIndicator.uasset" 130
"../../../Engine/Content/EditorMaterials/PreviewShadowIndicator.ubulk" 131
"../../../Engine/Content/EditorMaterials/PreviewShadowIndicator.uexp" 132
"../../../Engine/Content/EditorMaterials/PreviewShadowIndicatorMaterial.uasset" 133
"../../../Engine/Content/EditorMaterials/PreviewShadowIndicatorMaterial.uexp" 134
"../../../Engine/Content/EditorMaterials/PhAT_UnselectedMaterial.uasset" 135
"../../../Engine/Content/EditorMaterials/PhAT_UnselectedMaterial.uexp" 136
"../../../Engine/Content/EditorMaterials/PhAT_NoCollisionMaterial.uasset" 137
"../../../Engine/Content/EditorMaterials/PhAT_NoCollisionMaterial.uexp" 138
"../../../Engine/Content/Functions/Engine_MaterialFunctions02/Utility/MakeFloat4.uasset" 139
"../../../Engine/Content/Functions/Engine_MaterialFunctions02/Utility/MakeFloat4.uexp" 140
"../../../Engine/Content/Functions/Engine_MaterialFunctions02/Utility/MakeFloat3.uasset" 141
"../../../Engine/Content/Functions/Engine_MaterialFunctions02/Utility/MakeFloat3.uexp" 142
"../../../Engine/Content/Functions/Engine_MaterialFunctions02/Utility/BreakOutFloat3Components.uasset" 143
"../../../Engine/Content/Functions/Engine_MaterialFunctions02/Utility/BreakOutFloat3Components.uexp" 144
"../../../Engine/Content/EditorMaterials/WorldPartition/WorldPartitionSpatialHashGridPreviewMaterial.uasset" 145
"../../../Engine/Content/EditorMaterials/WorldPartition/WorldPartitionSpatialHashGridPreviewMaterial.uexp" 146
"../../../Engine/Content/EditorResources/S_Terrain.uasset" 147
"../../../Engine/Content/EditorResources/S_Terrain.ubulk" 148
"../../../Engine/Content/EditorResources/S_Terrain.uexp" 149
"../../../Engine/Content/EditorResources/EmptyActor.uasset" 150
"../../../Engine/Content/EditorResources/EmptyActor.uexp" 151
"../../../Engine/Content/EditorResources/BSPVertex.uasset" 152
"../../../Engine/Content/EditorResources/BSPVertex.uexp" 153
"../../../Engine/Content/EditorResources/LightIcons/S_LightError.uasset" 154
"../../../Engine/Content/EditorResources/LightIcons/S_LightError.uexp" 155
"../../../Engine/Content/EditorResources/SequenceRecorder/RecordingIndicator.uasset" 156
"../../../Engine/Content/EditorResources/SequenceRecorder/RecordingIndicator.uexp" 157
"../../../Engine/Content/EditorResources/SequenceRecorder/Countdown.uasset" 158
"../../../Engine/Content/EditorResources/SequenceRecorder/Countdown.uexp" 159
"../../../Engine/Content/EngineDamageTypes/DmgTypeBP_Environmental.uasset" 160
"../../../Engine/Content/EngineDamageTypes/DmgTypeBP_Environmental.uexp" 161
"../../../Engine/Content/Functions/Engine_MaterialFunctions02/Utility/CameraDirectionVector.uasset" 162
"../../../Engine/Content/Functions/Engine_MaterialFunctions02/Utility/CameraDirectionVector.uexp" 163
"../../../Engine/Content/EngineDebugMaterials/VolumeToRender.uasset" 164
"../../../Engine/Content/EngineDebugMaterials/VolumeToRender.uexp" 165
"../../../Engine/Content/EngineDebugMaterials/M_VolumeRenderSphereTracePP.uasset" 166
"../../../Engine/Content/EngineDebugMaterials/M_VolumeRenderSphereTracePP.uexp" 167
"../../../Engine/Content/EngineDebugMaterials/M_SimpleUnlitTranslucent.uasset" 168
"../../../Engine/Content/EngineDebugMaterials/M_SimpleUnlitTranslucent.uexp" 169
"../../../Engine/Content/EngineDebugMaterials/DebugMeshMaterial.uasset" 170
"../../../Engine/Content/EngineDebugMaterials/DebugMeshMaterial.uexp" 171
"../../../Engine/Content/EngineDebugMaterials/DebugEditorMaterial.uasset" 172
"../../../Engine/Content/EngineDebugMaterials/DebugEditorMaterial.uexp" 173
"../../../Engine/Content/EngineFonts/Faces/RobotoLight.uasset" 174
"../../../Engine/Content/EngineFonts/Faces/RobotoLight.ufont" 175
"../../../Engine/Content/EngineFonts/Faces/RobotoLight.uexp" 176
"../../../Engine/Content/EngineFonts/Faces/RobotoBold.uasset" 177
"../../../Engine/Content/EngineFonts/Faces/RobotoBold.ufont" 178
"../../../Engine/Content/EngineFonts/Faces/RobotoBold.uexp" 179
"../../../Engine/Content/EngineFonts/Faces/RobotoRegular.uasset" 180
"../../../Engine/Content/EngineFonts/Faces/RobotoRegular.ufont" 181
"../../../Engine/Content/EngineFonts/Faces/RobotoRegular.uexp" 182
"../../../Engine/Content/EngineFonts/Faces/DroidSansFallback.uasset" 183
"../../../Engine/Content/EngineFonts/Faces/DroidSansFallback.ufont" 184
"../../../Engine/Content/EngineFonts/Faces/DroidSansFallback.uexp" 185
"../../../Engine/Content/EngineFonts/Faces/RobotoItalic.uasset" 186
"../../../Engine/Content/EngineFonts/Faces/RobotoItalic.ufont" 187
"../../../Engine/Content/EngineFonts/Faces/RobotoItalic.uexp" 188
"../../../Engine/Content/EngineFonts/Faces/RobotoBoldItalic.uasset" 189
"../../../Engine/Content/EngineFonts/Faces/RobotoBoldItalic.ufont" 190
"../../../Engine/Content/EngineFonts/Faces/RobotoBoldItalic.uexp" 191
"../../../Engine/Content/EngineFonts/Roboto.uasset" 192
"../../../Engine/Content/EngineFonts/Roboto.uexp" 193
"../../../Engine/Content/EngineResources/WhiteSquareTexture.uasset" 194
"../../../Engine/Content/EngineResources/WhiteSquareTexture.uexp" 195
"../../../Engine/Content/EngineMaterials/Widget3DPassThrough.uasset" 196
"../../../Engine/Content/EngineMaterials/Widget3DPassThrough.uexp" 197
"../../../Engine/Content/EngineMaterials/Widget3DPassThrough_Translucent.uasset" 198
"../../../Engine/Content/EngineMaterials/Widget3DPassThrough_Translucent.uexp" 199
"../../../Engine/Content/EngineMaterials/Widget3DPassThrough_Translucent_OneSided.uasset" 200
"../../../Engine/Content/EngineMaterials/Widget3DPassThrough_Translucent_OneSided.uexp" 201
"../../../Engine/Content/EngineMaterials/Widget3DPassThrough_Opaque.uasset" 202
"../../../Engine/Content/EngineMaterials/Widget3DPassThrough_Opaque.uexp" 203
"../../../Engine/Content/EngineMaterials/Widget3DPassThrough_Opaque_OneSided.uasset" 204
"../../../Engine/Content/EngineMaterials/Widget3DPassThrough_Opaque_OneSided.uexp" 205
"../../../Engine/Content/EngineMaterials/Widget3DPassThrough_Masked_OneSided.uasset" 206
"../../../Engine/Content/EngineMaterials/Widget3DPassThrough_Masked_OneSided.uexp" 207
"../../../Engine/Content/EngineMaterials/Widget3DPassThrough_Masked.uasset" 208
"../../../Engine/Content/EngineMaterials/Widget3DPassThrough_Masked.uexp" 209
"../../../Engine/Content/EngineMaterials/STBlueNoise_vec2_128x128x64.uasset" 210
"../../../Engine/Content/EngineMaterials/STBlueNoise_vec2_128x128x64.uexp" 211
"../../../Engine/Content/EngineMaterials/STBlueNoise_scalar_128x128x64.uasset" 212
"../../../Engine/Content/EngineMaterials/STBlueNoise_scalar_128x128x64.uexp" 213
"../../../Engine/Content/EngineMaterials/RemoveSurfaceMaterial.uasset" 214
"../../../Engine/Content/EngineMaterials/RemoveSurfaceMaterial.uexp" 215
"../../../Engine/Content/EngineMaterials/DefaultCalibrationGrayscale.uasset" 216
"../../../Engine/Content/EngineMaterials/DefaultCalibrationGrayscale.uexp" 217
"../../../Engine/Content/EngineMaterials/PPM_DefaultCalibrationGrayscale.uasset" 218
"../../../Engine/Content/EngineMaterials/PPM_DefaultCalibrationGrayscale.uexp" 219
"../../../Engine/Content/EngineMaterials/DefaultCalibrationColor.uasset" 220
"../../../Engine/Content/EngineMaterials/DefaultCalibrationColor.uexp" 221
"../../../Engine/Content/EngineMaterials/PPM_DefaultCalibrationColor.uasset" 222
"../../../Engine/Content/EngineMaterials/PPM_DefaultCalibrationColor.uexp" 223
"../../../Engine/Content/Functions/Engine_MaterialFunctions02/WorldPositionOffset/CameraOffset.uasset" 224
"../../../Engine/Content/Functions/Engine_MaterialFunctions02/WorldPositionOffset/CameraOffset.uexp" 225
"../../../Engine/Content/EngineMaterials/PhAT_JointLimitMaterial.uasset" 226
"../../../Engine/Content/EngineMaterials/PhAT_JointLimitMaterial.uexp" 227
"../../../Engine/Content/EngineMaterials/InvalidLightmapSettings.uasset" 228
"../../../Engine/Content/EngineMaterials/InvalidLightmapSettings.ubulk" 229
"../../../Engine/Content/EngineMaterials/InvalidLightmapSettings.uexp" 230
"../../../Engine/Content/EngineMaterials/M_InvalidLightmapSettings.uasset" 231
"../../../Engine/Content/EngineMaterials/M_InvalidLightmapSettings.uexp" 232
"../../../Engine/Content/EngineMaterials/GizmoMaterial.uasset" 233
"../../../Engine/Content/EngineMaterials/GizmoMaterial.uexp" 234
"../../../Engine/Content/EngineMaterials/BaseFlattenEmissiveMap_VT.uasset" 235
"../../../Engine/Content/EngineMaterials/BaseFlattenEmissiveMap_VT.uexp" 236
"../../../Engine/Content/EngineMaterials/BaseFlattenGrayscaleMap_VT.uasset" 237
"../../../Engine/Content/EngineMaterials/BaseFlattenGrayscaleMap_VT.uexp" 238
"../../../Engine/Content/EngineMaterials/BaseFlattenLinearColor_VT.uasset" 239
"../../../Engine/Content/EngineMaterials/BaseFlattenLinearColor_VT.uexp" 240
"../../../Engine/Content/EngineMaterials/Black_1x1_EXR_Texture_VT.uasset" 241
"../../../Engine/Content/EngineMaterials/Black_1x1_EXR_Texture_VT.uexp" 242
"../../../Engine/Content/EngineMaterials/BaseFlattenDiffuseMap_VT.uasset" 243
"../../../Engine/Content/EngineMaterials/BaseFlattenDiffuseMap_VT.uexp" 244
"../../../Engine/Content/EngineMaterials/BaseFlattenNormalMap_VT.uasset" 245
"../../../Engine/Content/EngineMaterials/BaseFlattenNormalMap_VT.uexp" 246
"../../../Engine/Content/EngineMaterials/FlattenMaterial_WS_Normal_VT.uasset" 247
"../../../Engine/Content/EngineMaterials/FlattenMaterial_WS_Normal_VT.uexp" 248
"../../../Engine/Content/EngineMaterials/FlattenMaterial_VT.uasset" 249
"../../../Engine/Content/EngineMaterials/FlattenMaterial_VT.uexp" 250
"../../../Engine/Content/EngineMaterials/BaseFlattenNormalMap.uasset" 251
"../../../Engine/Content/EngineMaterials/BaseFlattenNormalMap.uexp" 252
"../../../Engine/Content/EngineMaterials/BaseFlattenGrayscaleMap.uasset" 253
"../../../Engine/Content/EngineMaterials/BaseFlattenGrayscaleMap.uexp" 254
"../../../Engine/Content/EngineMaterials/BaseFlattenDiffuseMap.uasset" 255
"../../../Engine/Content/EngineMaterials/BaseFlattenDiffuseMap.uexp" 256
"../../../Engine/Content/Functions/Engine_MaterialFunctions02/PivotPainter2/Black_1x1_EXR_Texture.uasset" 257
"../../../Engine/Content/Functions/Engine_MaterialFunctions02/PivotPainter2/Black_1x1_EXR_Texture.uexp" 258
"../../../Engine/Content/EngineMaterials/BaseFlattenEmissiveMap.uasset" 259
"../../../Engine/Content/EngineMaterials/BaseFlattenEmissiveMap.uexp" 260
"../../../Engine/Content/EngineMaterials/BaseFlattenLinearColor.uasset" 261
"../../../Engine/Content/EngineMaterials/BaseFlattenLinearColor.uexp" 262
"../../../Engine/Content/EngineMaterials/FlattenMaterial.uasset" 263
"../../../Engine/Content/EngineMaterials/FlattenMaterial.uexp" 264
"../../../Engine/Content/EngineMaterials/DefaultWhiteGrid_Low.uasset" 265
"../../../Engine/Content/EngineMaterials/DefaultWhiteGrid_Low.uexp" 266
"../../../Engine/Content/EngineMaterials/EmissiveMeshMaterial.uasset" 267
"../../../Engine/Content/EngineMaterials/EmissiveMeshMaterial.uexp" 268
"../../../Engine/Content/EngineFonts/RobotoDistanceField.uasset" 269
"../../../Engine/Content/EngineFonts/RobotoDistanceField.uexp" 270
"../../../Engine/Content/EngineMaterials/DefaultTextMaterialOpaque.uasset" 271
"../../../Engine/Content/EngineMaterials/DefaultTextMaterialOpaque.uexp" 272
"../../../Engine/Content/EngineMaterials/DefaultDiffuse.uasset" 273
"../../../Engine/Content/EngineMaterials/DefaultDiffuse.ubulk" 274
"../../../Engine/Content/EngineMaterials/DefaultDiffuse.uexp" 275
"../../../Engine/Content/Functions/Engine_MaterialFunctions02/Utility/BreakOutFloat2Components.uasset" 276
"../../../Engine/Content/Functions/Engine_MaterialFunctions02/Utility/BreakOutFloat2Components.uexp" 277
"../../../Engine/Content/EngineMaterials/DefaultPostProcessMaterial.uasset" 278
"../../../Engine/Content/EngineMaterials/DefaultPostProcessMaterial.uexp" 279
"../../../Engine/Content/EngineMaterials/DefaultPhysicalMaterial.uasset" 280
"../../../Engine/Content/EngineMaterials/DefaultPhysicalMaterial.uexp" 281
"../../../Engine/Content/EngineMaterials/DefaultLightFunctionMaterial.uasset" 282
"../../../Engine/Content/EngineMaterials/DefaultLightFunctionMaterial.uexp" 283
"../../../Engine/Content/EngineMaterials/DefaultDestructiblePhysicalMaterial.uasset" 284
"../../../Engine/Content/EngineMaterials/DefaultDestructiblePhysicalMaterial.uexp" 285
"../../../Engine/Content/EngineMaterials/DefaultDeferredDecalMaterial.uasset" 286
"../../../Engine/Content/EngineMaterials/DefaultDeferredDecalMaterial.uexp" 287
"../../../Engine/Content/EngineMaterials/DefaultBloomKernel.uasset" 288
"../../../Engine/Content/EngineMaterials/DefaultBloomKernel.uexp" 289
"../../../Engine/Content/EngineResources/FilmGrains/Marcie_Grain_v3_128_M2_000.uasset" 290
"../../../Engine/Content/EngineResources/FilmGrains/Marcie_Grain_v3_128_M2_000.uexp" 291
"../../../Engine/Content/EngineSky/VolumetricClouds/CloudWeatherTexture.uasset" 292
"../../../Engine/Content/EngineSky/VolumetricClouds/CloudWeatherTexture.uexp" 293
"../../../Engine/Content/Functions/Engine_MaterialFunctions02/Utility/MakeFloat2.uasset" 294
"../../../Engine/Content/Functions/Engine_MaterialFunctions02/Utility/MakeFloat2.uexp" 295
"../../../Engine/Content/EngineSky/VolumetricClouds/CloudGradientTexture.uasset" 296
"../../../Engine/Content/EngineSky/VolumetricClouds/CloudGradientTexture.uexp" 297
"../../../Engine/Content/EngineSky/VolumetricClouds/T_NoiseShape64.uasset" 298
"../../../Engine/Content/EngineSky/VolumetricClouds/T_NoiseShape64.ubulk" 299
"../../../Engine/Content/EngineSky/VolumetricClouds/T_NoiseShape64.uexp" 300
"../../../Engine/Content/EngineSky/VolumetricClouds/T_VolumeNoiseShape64.uasset" 301
"../../../Engine/Content/EngineSky/VolumetricClouds/T_VolumeNoiseShape64.uexp" 302
"../../../Engine/Content/EngineSky/VolumetricClouds/T_NoiseErosion.uasset" 303
"../../../Engine/Content/EngineSky/VolumetricClouds/T_NoiseErosion.ubulk" 304
"../../../Engine/Content/EngineSky/VolumetricClouds/T_NoiseErosion.uexp" 305
"../../../Engine/Content/EngineSky/VolumetricClouds/T_VolumeNoiseErosion32.uasset" 306
"../../../Engine/Content/EngineSky/VolumetricClouds/T_VolumeNoiseErosion32.uexp" 307
"../../../Engine/Content/EngineSky/VolumetricClouds/m_SimpleVolumetricCloud.uasset" 308
"../../../Engine/Content/EngineSky/VolumetricClouds/m_SimpleVolumetricCloud.uexp" 309
"../../../Engine/Content/EngineSky/VolumetricClouds/m_SimpleVolumetricCloud_Inst.uasset" 310
"../../../Engine/Content/EngineSky/VolumetricClouds/m_SimpleVolumetricCloud_Inst.uexp" 311
"../../../Engine/Content/EngineSounds/Master.uasset" 312
"../../../Engine/Content/EngineSounds/Master.uexp" 313
"../../../Engine/Content/Functions/Engine_MaterialFunctions01/Shading/PowerToRoughness.uasset" 314
"../../../Engine/Content/Functions/Engine_MaterialFunctions01/Shading/PowerToRoughness.uexp" 315
"../../../Engine/Content/MobileResources/HUD/VirtualJoystick_Background.uasset" 316
"../../../Engine/Content/MobileResources/HUD/VirtualJoystick_Background.uexp" 317
"../../../Engine/Content/MobileResources/HUD/VirtualJoystick_Thumb.uasset" 318
"../../../Engine/Content/MobileResources/HUD/VirtualJoystick_Thumb.uexp" 319
"../../../Engine/Content/MobileResources/HUD/DefaultVirtualJoysticks.uasset" 320
"../../../Engine/Content/MobileResources/HUD/DefaultVirtualJoysticks.uexp" 321
"F:/Workshop_13_r3/Content/Workshop_13/Player/PlayerGuns.uasset" 322
"F:/Workshop_13_r3/Content/Workshop_13/Player/PlayerGuns.uexp" 323
"F:/Workshop_13_r3/Content/Workshop_13/Interaction/Doors/KeyColors.uasset" 324
"F:/Workshop_13_r3/Content/Workshop_13/Interaction/Doors/KeyColors.uexp" 325
"../../../Engine/Content/VREditor/Sounds/UI/Drop_Item_From_ContentBrowser.uasset" 326
"../../../Engine/Content/VREditor/Sounds/UI/Drop_Item_From_ContentBrowser.ubulk" 327
"../../../Engine/Content/VREditor/Sounds/UI/Drop_Item_From_ContentBrowser.uexp" 328
"F:/Workshop_13_r3/Content/Workshop_13/Sounds/Sound_Step.uasset" 329
"F:/Workshop_13_r3/Content/Workshop_13/Sounds/Sound_Step.ubulk" 330
"F:/Workshop_13_r3/Content/Workshop_13/Sounds/Sound_Step.uexp" 331
"../../../Engine/Content/Animation/DefaultAnimCurveCompressionSettings.uasset" 332
"../../../Engine/Content/Animation/DefaultAnimCurveCompressionSettings.uexp" 333
"F:/Workshop_13_r3/Content/AnimStarterPack/UE4_Mannequin/Mesh/UE4_Mannequin_Skeleton.uasset" 334
"F:/Workshop_13_r3/Content/AnimStarterPack/UE4_Mannequin/Mesh/UE4_Mannequin_Skeleton.uexp" 335
"../../../Engine/Content/Animation/DefaultAnimBoneCompressionSettings.uasset" 336
"../../../Engine/Content/Animation/DefaultAnimBoneCompressionSettings.uexp" 337
"F:/Workshop_13_r3/Content/Workshop_13/Player/Animation/Tt_LeadJab_UE.uasset" 338
"F:/Workshop_13_r3/Content/Workshop_13/Player/Animation/Tt_LeadJab_UE.uexp" 339
"F:/Workshop_13_r3/Content/Workshop_13/Player/DamageClasses/Player_HitLeftHandHook.uasset" 340
"F:/Workshop_13_r3/Content/Workshop_13/Player/DamageClasses/Player_HitLeftHandHook.uexp" 341
"F:/Workshop_13_r3/Content/Workshop_13/Player/Animation/Tt_Kicking_UE.uasset" 342
"F:/Workshop_13_r3/Content/Workshop_13/Player/Animation/Tt_Kicking_UE.uexp" 343
"../../../Engine/Content/EditorBlueprintResources/StandardMacros.uasset" 344
"../../../Engine/Content/EditorBlueprintResources/StandardMacros.uexp" 345
"F:/Workshop_13_r3/Content/Workshop_13/Interaction/MainInteract.uasset" 346
"F:/Workshop_13_r3/Content/Workshop_13/Interaction/MainInteract.uexp" 347
"F:/Workshop_13_r3/Content/Workshop_13/Player/Animation/Tt_MM_Idle.uasset" 348
"F:/Workshop_13_r3/Content/Workshop_13/Player/Animation/Tt_MM_Idle.uexp" 349
"F:/Workshop_13_r3/Content/Workshop_13/Player/Animation/Tt_Walk_Rt_Rifle_Ironsights.uasset" 350
"F:/Workshop_13_r3/Content/Workshop_13/Player/Animation/Tt_Walk_Rt_Rifle_Ironsights.uexp" 351
"F:/Workshop_13_r3/Content/Workshop_13/Player/Animation/Tt_WalkStrafeRight_UE.uasset" 352
"F:/Workshop_13_r3/Content/Workshop_13/Player/Animation/Tt_WalkStrafeRight_UE.uexp" 353
"F:/Workshop_13_r3/Content/Workshop_13/Player/Animation/Tt_WalkingBackward_UE.uasset" 354
"F:/Workshop_13_r3/Content/Workshop_13/Player/Animation/Tt_WalkingBackward_UE.uexp" 355
"F:/Workshop_13_r3/Content/Workshop_13/Player/Animation/Tt_MM_Walk_Fwd.uasset" 356
"F:/Workshop_13_r3/Content/Workshop_13/Player/Animation/Tt_MM_Walk_Fwd.uexp" 357
"F:/Workshop_13_r3/Content/Workshop_13/Player/Animation/Tt_Walk_Lt_Rifle_Ironsights.uasset" 358
"F:/Workshop_13_r3/Content/Workshop_13/Player/Animation/Tt_Walk_Lt_Rifle_Ironsights.uexp" 359
"F:/Workshop_13_r3/Content/Workshop_13/Player/Animation/Tt_MM_Run_Fwd.uasset" 360
"F:/Workshop_13_r3/Content/Workshop_13/Player/Animation/Tt_MM_Run_Fwd.uexp" 361
"F:/Workshop_13_r3/Content/Workshop_13/Player/Animation/Tt_WalkStrafeLeft_UE.uasset" 362
"F:/Workshop_13_r3/Content/Workshop_13/Player/Animation/Tt_WalkStrafeLeft_UE.uexp" 363
"F:/Workshop_13_r3/Content/Workshop_13/Player/Animation/Tt_LocomotionRifleHip.uasset" 364
"F:/Workshop_13_r3/Content/Workshop_13/Player/Animation/Tt_LocomotionRifleHip.uexp" 365
"F:/Workshop_13_r3/Content/Workshop_13/Player/DamageClasses/Player_HitFood.uasset" 366
"F:/Workshop_13_r3/Content/Workshop_13/Player/DamageClasses/Player_HitFood.uexp" 367
"F:/Workshop_13_r3/Content/Workshop_13/Player/Animation/MainAnimPB.uasset" 368
"F:/Workshop_13_r3/Content/Workshop_13/Player/Animation/MainAnimPB.uexp" 369
"F:/Workshop_13_r3/Content/AnimStarterPack/UE4_Mannequin/Textures/UE4_Mannequin__normals.uasset" 370
"F:/Workshop_13_r3/Content/AnimStarterPack/UE4_Mannequin/Textures/UE4_Mannequin__normals.ubulk" 371
"F:/Workshop_13_r3/Content/AnimStarterPack/UE4_Mannequin/Textures/UE4_Mannequin__normals.uexp" 372
"F:/Workshop_13_r3/Content/AnimStarterPack/UE4_Mannequin/Textures/UE4_LOGO_CARD.uasset" 373
"F:/Workshop_13_r3/Content/AnimStarterPack/UE4_Mannequin/Textures/UE4_LOGO_CARD.ubulk" 374
"F:/Workshop_13_r3/Content/AnimStarterPack/UE4_Mannequin/Textures/UE4_LOGO_CARD.uexp" 375
"F:/Workshop_13_r3/Content/AnimStarterPack/UE4_Mannequin/Materials/MaterialLayers/ML_Plastic_Shiny_Beige_LOGO.uasset" 376
"F:/Workshop_13_r3/Content/AnimStarterPack/UE4_Mannequin/Materials/MaterialLayers/ML_Plastic_Shiny_Beige_LOGO.uexp" 377
"F:/Workshop_13_r3/Content/AnimStarterPack/UE4_Mannequin/Materials/MaterialLayers/T_ML_Aluminum01.uasset" 378
"F:/Workshop_13_r3/Content/AnimStarterPack/UE4_Mannequin/Materials/MaterialLayers/T_ML_Aluminum01.ubulk" 379
"F:/Workshop_13_r3/Content/AnimStarterPack/UE4_Mannequin/Materials/MaterialLayers/T_ML_Aluminum01.uexp" 380
"F:/Workshop_13_r3/Content/AnimStarterPack/UE4_Mannequin/Materials/MaterialLayers/T_ML_Aluminum01_N.uasset" 381
"F:/Workshop_13_r3/Content/AnimStarterPack/UE4_Mannequin/Materials/MaterialLayers/T_ML_Aluminum01_N.ubulk" 382
"F:/Workshop_13_r3/Content/AnimStarterPack/UE4_Mannequin/Materials/MaterialLayers/T_ML_Aluminum01_N.uexp" 383
"F:/Workshop_13_r3/Content/AnimStarterPack/UE4_Mannequin/Materials/MaterialLayers/ML_SoftMetal_UE4.uasset" 384
"F:/Workshop_13_r3/Content/AnimStarterPack/UE4_Mannequin/Materials/MaterialLayers/ML_SoftMetal_UE4.uexp" 385
"../../../Engine/Content/Functions/Engine_MaterialFunctions02/Utility/BlendAngleCorrectedNormals.uasset" 386
"../../../Engine/Content/Functions/Engine_MaterialFunctions02/Utility/BlendAngleCorrectedNormals.uexp" 387
"F:/Workshop_13_r3/Content/AnimStarterPack/UE4_Mannequin/Textures/UE4_Mannequin_occlusion_Mobile.uasset" 388
"F:/Workshop_13_r3/Content/AnimStarterPack/UE4_Mannequin/Textures/UE4_Mannequin_occlusion_Mobile.ubulk" 389
"F:/Workshop_13_r3/Content/AnimStarterPack/UE4_Mannequin/Textures/UE4_Mannequin_occlusion_Mobile.uexp" 390
"../../../Engine/Content/Functions/MaterialLayerFunctions/MatLayerBlend_NormalBlend.uasset" 391
"../../../Engine/Content/Functions/MaterialLayerFunctions/MatLayerBlend_NormalBlend.uexp" 392
"F:/Workshop_13_r3/Content/AnimStarterPack/UE4_Mannequin/Textures/UE4_Mannequin_MAT_MASKA.uasset" 393
"F:/Workshop_13_r3/Content/AnimStarterPack/UE4_Mannequin/Textures/UE4_Mannequin_MAT_MASKA.ubulk" 394
"F:/Workshop_13_r3/Content/AnimStarterPack/UE4_Mannequin/Textures/UE4_Mannequin_MAT_MASKA.uexp" 395
"F:/Workshop_13_r3/Content/AnimStarterPack/UE4_Mannequin/Materials/MaterialLayers/T_ML_Rubber_Blue_01_N.uasset" 396
"F:/Workshop_13_r3/Content/AnimStarterPack/UE4_Mannequin/Materials/MaterialLayers/T_ML_Rubber_Blue_01_N.ubulk" 397
"F:/Workshop_13_r3/Content/AnimStarterPack/UE4_Mannequin/Materials/MaterialLayers/T_ML_Rubber_Blue_01_N.uexp" 398
"F:/Workshop_13_r3/Content/AnimStarterPack/UE4_Mannequin/Materials/MaterialLayers/T_ML_Rubber_Blue_01_D.uasset" 399
"F:/Workshop_13_r3/Content/AnimStarterPack/UE4_Mannequin/Materials/MaterialLayers/T_ML_Rubber_Blue_01_D.ubulk" 400
"F:/Workshop_13_r3/Content/AnimStarterPack/UE4_Mannequin/Materials/MaterialLayers/T_ML_Rubber_Blue_01_D.uexp" 401
"F:/Workshop_13_r3/Content/AnimStarterPack/UE4_Mannequin/Materials/MaterialLayers/ML_GlossyBlack_Latex_UE4.uasset" 402
"F:/Workshop_13_r3/Content/AnimStarterPack/UE4_Mannequin/Materials/MaterialLayers/ML_GlossyBlack_Latex_UE4.uexp" 403
"../../../Engine/Content/Functions/MaterialLayerFunctions/MatLayerBlend_Simple.uasset" 404
"../../../Engine/Content/Functions/MaterialLayerFunctions/MatLayerBlend_Simple.uexp" 405
"F:/Workshop_13_r3/Content/AnimStarterPack/UE4_Mannequin/Materials/MaterialLayers/ML_Plastic_Shiny_Beige.uasset" 406
"F:/Workshop_13_r3/Content/AnimStarterPack/UE4_Mannequin/Materials/MaterialLayers/ML_Plastic_Shiny_Beige.uexp" 407
"../../../Engine/Content/Functions/MaterialLayerFunctions/MatLayerBlend_AO.uasset" 408
"../../../Engine/Content/Functions/MaterialLayerFunctions/MatLayerBlend_AO.uexp" 409
"F:/Workshop_13_r3/Content/AnimStarterPack/UE4_Mannequin/Materials/M_UE4Man_Body.uasset" 410
"F:/Workshop_13_r3/Content/AnimStarterPack/UE4_Mannequin/Materials/M_UE4Man_Body.uexp" 411
"F:/Workshop_13_r3/Content/AnimStarterPack/UE4_Mannequin/Textures/UE4Man_Logo_N.uasset" 412
"F:/Workshop_13_r3/Content/AnimStarterPack/UE4_Mannequin/Textures/UE4Man_Logo_N.ubulk" 413
"F:/Workshop_13_r3/Content/AnimStarterPack/UE4_Mannequin/Textures/UE4Man_Logo_N.uexp" 414
"F:/Workshop_13_r3/Content/AnimStarterPack/UE4_Mannequin/Materials/M_UE4Man_ChestLogo.uasset" 415
"F:/Workshop_13_r3/Content/AnimStarterPack/UE4_Mannequin/Materials/M_UE4Man_ChestLogo.uexp" 416
"F:/Workshop_13_r3/Content/AnimStarterPack/UE4_Mannequin/Mesh/SK_Mannequin_PhysicsAsset.uasset" 417
"F:/Workshop_13_r3/Content/AnimStarterPack/UE4_Mannequin/Mesh/SK_Mannequin_PhysicsAsset.uexp" 418
"F:/Workshop_13_r3/Content/Workshop_13/Player/Animation/Tt_SK_Mannequin.uasset" 419
"F:/Workshop_13_r3/Content/Workshop_13/Player/Animation/Tt_SK_Mannequin.uexp" 420
"F:/Workshop_13_r3/Content/Workshop_13/Player/MainCharacter.uasset" 421
"F:/Workshop_13_r3/Content/Workshop_13/Player/MainCharacter.uexp" 422
"../../../Engine/Content/BasicShapes/Cube.uasset" 423
"../../../Engine/Content/BasicShapes/Cube.ubulk" 424
"../../../Engine/Content/BasicShapes/Cube.uexp" 425
"../../../Engine/Content/BufferVisualization/BaseColor.uasset" 426
"../../../Engine/Content/BufferVisualization/BaseColor.uexp" 427
"../../../Engine/Content/Functions/Engine_MaterialFunctions01/Texturing/FlattenNormal.uasset" 428
"../../../Engine/Content/Functions/Engine_MaterialFunctions01/Texturing/FlattenNormal.uexp" 429
"../../../Engine/Content/Functions/Engine_MaterialFunctions02/Texturing/CustomRotator.uasset" 430
"../../../Engine/Content/Functions/Engine_MaterialFunctions02/Texturing/CustomRotator.uexp" 431
"../../../Engine/Plugins/Enterprise/DatasmithContent/Content/Materials/TileMirrorAxis.uasset" 432
"../../../Engine/Plugins/Enterprise/DatasmithContent/Content/Materials/TileMirrorAxis.uexp" 433
"../../../Engine/Plugins/Enterprise/DatasmithContent/Content/Materials/UVEdit.uasset" 434
"../../../Engine/Plugins/Enterprise/DatasmithContent/Content/Materials/UVEdit.uexp" 435
"../../../Engine/Content/ArtTools/RenderToTexture/Textures/127grey.uasset" 436
"../../../Engine/Content/ArtTools/RenderToTexture/Textures/127grey.uexp" 437
"../../../Engine/Content/EditorLandscapeResources/WhiteSquareTexture.uasset" 438
"../../../Engine/Content/EditorLandscapeResources/WhiteSquareTexture.uexp" 439
"../../../Engine/Plugins/Enterprise/DatasmithContent/Content/Materials/C4DReferenceUV.uasset" 440
"../../../Engine/Plugins/Enterprise/DatasmithContent/Content/Materials/C4DReferenceUV.uexp" 441
"../../../Engine/Content/Functions/Engine_MaterialFunctions02/HueShift.uasset" 442
"../../../Engine/Content/Functions/Engine_MaterialFunctions02/HueShift.uexp" 443
"../../../Engine/Content/EngineMaterials/T_Default_Normal.uasset" 444
"../../../Engine/Content/EngineMaterials/T_Default_Normal.ubulk" 445
"../../../Engine/Content/EngineMaterials/T_Default_Normal.uexp" 446
"../../../Engine/Content/EngineResources/Black.uasset" 447
"../../../Engine/Content/EngineResources/Black.uexp" 448
"../../../Engine/Plugins/Enterprise/DatasmithContent/Content/Materials/C4DReference.uasset" 449
"../../../Engine/Plugins/Enterprise/DatasmithContent/Content/Materials/C4DReference.uexp" 450
"F:/Workshop_13_r3/Content/Workshop_13/Materials/RedLight.uasset" 451
"F:/Workshop_13_r3/Content/Workshop_13/Materials/RedLight.uexp" 452
"../../../Engine/Content/MapTemplates/Materials/BasicAsset02.uasset" 453
"../../../Engine/Content/MapTemplates/Materials/BasicAsset02.uexp" 454
"F:/Workshop_13_r3/Content/StarterContent/Textures/T_Frame_M.uasset" 455
"F:/Workshop_13_r3/Content/StarterContent/Textures/T_Frame_M.ubulk" 456
"F:/Workshop_13_r3/Content/StarterContent/Textures/T_Frame_M.uexp" 457
"F:/Workshop_13_r3/Content/StarterContent/Textures/T_Frame_N.uasset" 458
"F:/Workshop_13_r3/Content/StarterContent/Textures/T_Frame_N.ubulk" 459
"F:/Workshop_13_r3/Content/StarterContent/Textures/T_Frame_N.uexp" 460
"F:/Workshop_13_r3/Content/StarterContent/Props/Materials/M_Frame.uasset" 461
"F:/Workshop_13_r3/Content/StarterContent/Props/Materials/M_Frame.uexp" 462
"F:/Workshop_13_r3/Content/StarterContent/Props/SM_DoorFrame.uasset" 463
"F:/Workshop_13_r3/Content/StarterContent/Props/SM_DoorFrame.ubulk" 464
"F:/Workshop_13_r3/Content/StarterContent/Props/SM_DoorFrame.uexp" 465
"F:/Workshop_13_r3/Content/StarterContent/Textures/T_Door_N.uasset" 466
"F:/Workshop_13_r3/Content/StarterContent/Textures/T_Door_N.ubulk" 467
"F:/Workshop_13_r3/Content/StarterContent/Textures/T_Door_N.uexp" 468
"F:/Workshop_13_r3/Content/StarterContent/Textures/T_Door_M.uasset" 469
"F:/Workshop_13_r3/Content/StarterContent/Textures/T_Door_M.ubulk" 470
"F:/Workshop_13_r3/Content/StarterContent/Textures/T_Door_M.uexp" 471
"F:/Workshop_13_r3/Content/StarterContent/Props/Materials/M_Door.uasset" 472
"F:/Workshop_13_r3/Content/StarterContent/Props/Materials/M_Door.uexp" 473
"F:/Workshop_13_r3/Content/StarterContent/Materials/M_Glass.uasset" 474
"F:/Workshop_13_r3/Content/StarterContent/Materials/M_Glass.uexp" 475
"F:/Workshop_13_r3/Content/StarterContent/Props/SM_Door.uasset" 476
"F:/Workshop_13_r3/Content/StarterContent/Props/SM_Door.ubulk" 477
"F:/Workshop_13_r3/Content/StarterContent/Props/SM_Door.uexp" 478
"F:/Workshop_13_r3/Content/Workshop_13/Sounds/Sound_DoorOpen.uasset" 479
"F:/Workshop_13_r3/Content/Workshop_13/Sounds/Sound_DoorOpen.ubulk" 480
"F:/Workshop_13_r3/Content/Workshop_13/Sounds/Sound_DoorOpen.uexp" 481
"F:/Workshop_13_r3/Content/Workshop_13/Interaction/Doors/SimpleDoor.uasset" 482
"F:/Workshop_13_r3/Content/Workshop_13/Interaction/Doors/SimpleDoor.uexp" 483
"F:/Workshop_13_r3/Content/Workshop_13/Interaction/Doors/CodeDoor.uasset" 484
"F:/Workshop_13_r3/Content/Workshop_13/Interaction/Doors/CodeDoor.uexp" 485
"F:/Workshop_13_r3/Content/Workshop_13/Materials/GreenLight.uasset" 486
"F:/Workshop_13_r3/Content/Workshop_13/Materials/GreenLight.uexp" 487
"../../../Engine/Content/BasicShapes/BasicShapeMaterial.uasset" 488
"../../../Engine/Content/BasicShapes/BasicShapeMaterial.uexp" 489
"../../../Engine/Content/BasicShapes/BasicShapeMaterial_Inst.uasset" 490
"../../../Engine/Content/BasicShapes/BasicShapeMaterial_Inst.uexp" 491
"../../../Engine/Content/MapTemplates/Materials/BasicTemplateMaterial.uasset" 492
"../../../Engine/Content/MapTemplates/Materials/BasicTemplateMaterial.uexp" 493
"F:/Workshop_13_r3/Content/Workshop_13/Interaction/Doors/CodePanel.uasset" 494
"F:/Workshop_13_r3/Content/Workshop_13/Interaction/Doors/CodePanel.uexp" 495
"F:/Workshop_13_r3/Content/Workshop_13/UIX/MainWidget.uasset" 496
"F:/Workshop_13_r3/Content/Workshop_13/UIX/MainWidget.uexp" 497
"F:/Workshop_13_r3/Content/Workshop_13/Player/MainController.uasset" 498
"F:/Workshop_13_r3/Content/Workshop_13/Player/MainController.uexp" 499
"F:/Workshop_13_r3/Content/Workshop_13/Player/MainGM.uasset" 500
"F:/Workshop_13_r3/Content/Workshop_13/Player/MainGM.uexp" 501
"../../../Engine/Plugins/2D/Paper2D/Content/PlaceholderTextures/DummySpriteTexture.uasset" 502
"../../../Engine/Plugins/2D/Paper2D/Content/PlaceholderTextures/DummySpriteTexture.ubulk" 503
"../../../Engine/Plugins/2D/Paper2D/Content/PlaceholderTextures/DummySpriteTexture.uexp" 504
"../../../Engine/Plugins/2D/Paper2D/Content/DefaultSpriteMaterial.uasset" 505
"../../../Engine/Plugins/2D/Paper2D/Content/DefaultSpriteMaterial.uexp" 506
"../../../Engine/Plugins/2D/Paper2D/Content/OpaqueUnlitSpriteMaterial.uasset" 507
"../../../Engine/Plugins/2D/Paper2D/Content/OpaqueUnlitSpriteMaterial.uexp" 508
"../../../Engine/Plugins/2D/Paper2D/Content/MaskedUnlitSpriteMaterial.uasset" 509
"../../../Engine/Plugins/2D/Paper2D/Content/MaskedUnlitSpriteMaterial.uexp" 510
"../../../Engine/Plugins/2D/Paper2D/Content/DummySprite.uasset" 511
"../../../Engine/Plugins/2D/Paper2D/Content/DummySprite.uexp" 512
"../../../Engine/Plugins/2D/Paper2D/Content/DefaultPaperTerrainMaterial.uasset" 513
"../../../Engine/Plugins/2D/Paper2D/Content/DefaultPaperTerrainMaterial.uexp" 514
"../../../Engine/Plugins/Animation/ControlRig/Content/M_Manip.uasset" 515
"../../../Engine/Plugins/Animation/ControlRig/Content/M_Manip.uexp" 516
"../../../Engine/Plugins/Animation/ControlRig/Content/Controls/DefaultGizmoLibraryNormalized.uasset" 517
"../../../Engine/Plugins/Animation/ControlRig/Content/Controls/DefaultGizmoLibraryNormalized.uexp" 518
"../../../Engine/Plugins/Animation/ControlRig/Content/Controls/ControlRig_Wedge_solid.uasset" 519
"../../../Engine/Plugins/Animation/ControlRig/Content/Controls/ControlRig_Wedge_solid.ubulk" 520
"../../../Engine/Plugins/Animation/ControlRig/Content/Controls/ControlRig_Wedge_solid.uexp" 521
"../../../Engine/Plugins/Animation/ControlRig/Content/Controls/ControlRig_Wedge_3mm.uasset" 522
"../../../Engine/Plugins/Animation/ControlRig/Content/Controls/ControlRig_Wedge_3mm.ubulk" 523
"../../../Engine/Plugins/Animation/ControlRig/Content/Controls/ControlRig_Wedge_3mm.uexp" 524
"../../../Engine/Plugins/Animation/ControlRig/Content/Controls/ControlRig_Wedge_1mm.uasset" 525
"../../../Engine/Plugins/Animation/ControlRig/Content/Controls/ControlRig_Wedge_1mm.ubulk" 526
"../../../Engine/Plugins/Animation/ControlRig/Content/Controls/ControlRig_Wedge_1mm.uexp" 527
"../../../Engine/Plugins/Animation/ControlRig/Content/Controls/ControlRig_Triangle_solid.uasset" 528
"../../../Engine/Plugins/Animation/ControlRig/Content/Controls/ControlRig_Triangle_solid.ubulk" 529
"../../../Engine/Plugins/Animation/ControlRig/Content/Controls/ControlRig_Triangle_solid.uexp" 530
"../../../Engine/Plugins/Animation/ControlRig/Content/Controls/ControlRig_Triangle_3mm.uasset" 531
"../../../Engine/Plugins/Animation/ControlRig/Content/Controls/ControlRig_Triangle_3mm.ubulk" 532
"../../../Engine/Plugins/Animation/ControlRig/Content/Controls/ControlRig_Triangle_3mm.uexp" 533
"../../../Engine/Plugins/Animation/ControlRig/Content/Controls/ControlRig_Triangle_1mm.uasset" 534
"../../../Engine/Plugins/Animation/ControlRig/Content/Controls/ControlRig_Triangle_1mm.ubulk" 535
"../../../Engine/Plugins/Animation/ControlRig/Content/Controls/ControlRig_Triangle_1mm.uexp" 536
"../../../Engine/Plugins/Animation/ControlRig/Content/Controls/ControlRig_Star4_solid.uasset" 537
"../../../Engine/Plugins/Animation/ControlRig/Content/Controls/ControlRig_Star4_solid.ubulk" 538
"../../../Engine/Plugins/Animation/ControlRig/Content/Controls/ControlRig_Star4_solid.uexp" 539
"../../../Engine/Plugins/Animation/ControlRig/Content/Controls/ControlRig_Star4_3mm.uasset" 540
"../../../Engine/Plugins/Animation/ControlRig/Content/Controls/ControlRig_Star4_3mm.ubulk" 541
"../../../Engine/Plugins/Animation/ControlRig/Content/Controls/ControlRig_Star4_3mm.uexp" 542
"../../../Engine/Plugins/Animation/ControlRig/Content/Controls/ControlRig_Star4_1mm.uasset" 543
"../../../Engine/Plugins/Animation/ControlRig/Content/Controls/ControlRig_Star4_1mm.ubulk" 544
"../../../Engine/Plugins/Animation/ControlRig/Content/Controls/ControlRig_Star4_1mm.uexp" 545
"../../../Engine/Plugins/Animation/ControlRig/Content/Controls/ControlRig_Square_solid.uasset" 546
"../../../Engine/Plugins/Animation/ControlRig/Content/Controls/ControlRig_Square_solid.ubulk" 547
"../../../Engine/Plugins/Animation/ControlRig/Content/Controls/ControlRig_Square_solid.uexp" 548
"../../../Engine/Plugins/Animation/ControlRig/Content/Controls/ControlRig_Square_3mm.uasset" 549
"../../../Engine/Plugins/Animation/ControlRig/Content/Controls/ControlRig_Square_3mm.ubulk" 550
"../../../Engine/Plugins/Animation/ControlRig/Content/Controls/ControlRig_Square_3mm.uexp" 551
"../../../Engine/Plugins/Animation/ControlRig/Content/Controls/ControlRig_Square_1mm.uasset" 552
"../../../Engine/Plugins/Animation/ControlRig/Content/Controls/ControlRig_Square_1mm.ubulk" 553
"../../../Engine/Plugins/Animation/ControlRig/Content/Controls/ControlRig_Square_1mm.uexp" 554
"../../../Engine/Plugins/Animation/ControlRig/Content/Controls/ControlRig_Sphere_solid.uasset" 555
"../../../Engine/Plugins/Animation/ControlRig/Content/Controls/ControlRig_Sphere_solid.ubulk" 556
"../../../Engine/Plugins/Animation/ControlRig/Content/Controls/ControlRig_Sphere_solid.uexp" 557
"../../../Engine/Plugins/Animation/ControlRig/Content/Controls/ControlRig_Sphere_3mm.uasset" 558
"../../../Engine/Plugins/Animation/ControlRig/Content/Controls/ControlRig_Sphere_3mm.ubulk" 559
"../../../Engine/Plugins/Animation/ControlRig/Content/Controls/ControlRig_Sphere_3mm.uexp" 560
"../../../Engine/Plugins/Animation/ControlRig/Content/Controls/ControlRig_Sphere_1mm.uasset" 561
"../../../Engine/Plugins/Animation/ControlRig/Content/Controls/ControlRig_Sphere_1mm.ubulk" 562
"../../../Engine/Plugins/Animation/ControlRig/Content/Controls/ControlRig_Sphere_1mm.uexp" 563
"../../../Engine/Plugins/Animation/ControlRig/Content/Controls/ControlRig_RoundedTriangle_solid.uasset" 564
"../../../Engine/Plugins/Animation/ControlRig/Content/Controls/ControlRig_RoundedTriangle_solid.ubulk" 565
"../../../Engine/Plugins/Animation/ControlRig/Content/Controls/ControlRig_RoundedTriangle_solid.uexp" 566
"../../../Engine/Plugins/Animation/ControlRig/Content/Controls/ControlRig_RoundedTriangle_3mm.uasset" 567
"../../../Engine/Plugins/Animation/ControlRig/Content/Controls/ControlRig_RoundedTriangle_3mm.ubulk" 568
"../../../Engine/Plugins/Animation/ControlRig/Content/Controls/ControlRig_RoundedTriangle_3mm.uexp" 569
"../../../Engine/Plugins/Animation/ControlRig/Content/Controls/ControlRig_RoundedTriangle_1mm.uasset" 570
"../../../Engine/Plugins/Animation/ControlRig/Content/Controls/ControlRig_RoundedTriangle_1mm.ubulk" 571
"../../../Engine/Plugins/Animation/ControlRig/Content/Controls/ControlRig_RoundedTriangle_1mm.uexp" 572
"../../../Engine/Plugins/Animation/ControlRig/Content/Controls/ControlRig_RoundedSquare_solid.uasset" 573
"../../../Engine/Plugins/Animation/ControlRig/Content/Controls/ControlRig_RoundedSquare_solid.ubulk" 574
"../../../Engine/Plugins/Animation/ControlRig/Content/Controls/ControlRig_RoundedSquare_solid.uexp" 575
"../../../Engine/Plugins/Animation/ControlRig/Content/Controls/ControlRig_RoundedSquare_3mm.uasset" 576
"../../../Engine/Plugins/Animation/ControlRig/Content/Controls/ControlRig_RoundedSquare_3mm.ubulk" 577
"../../../Engine/Plugins/Animation/ControlRig/Content/Controls/ControlRig_RoundedSquare_3mm.uexp" 578
"../../../Engine/Plugins/Animation/ControlRig/Content/Controls/ControlRig_RoundedSquare_1mm.uasset" 579
"../../../Engine/Plugins/Animation/ControlRig/Content/Controls/ControlRig_RoundedSquare_1mm.ubulk" 580
"../../../Engine/Plugins/Animation/ControlRig/Content/Controls/ControlRig_RoundedSquare_1mm.uexp" 581
"../../../Engine/Plugins/Animation/ControlRig/Content/Controls/ControlRig_QuarterCircle_solid.uasset" 582
"../../../Engine/Plugins/Animation/ControlRig/Content/Controls/ControlRig_QuarterCircle_solid.ubulk" 583
"../../../Engine/Plugins/Animation/ControlRig/Content/Controls/ControlRig_QuarterCircle_solid.uexp" 584
"../../../Engine/Plugins/Animation/ControlRig/Content/Controls/ControlRig_QuarterCircle_3mm.uasset" 585
"../../../Engine/Plugins/Animation/ControlRig/Content/Controls/ControlRig_QuarterCircle_3mm.ubulk" 586
"../../../Engine/Plugins/Animation/ControlRig/Content/Controls/ControlRig_QuarterCircle_3mm.uexp" 587
"../../../Engine/Plugins/Animation/ControlRig/Content/Controls/ControlRig_QuarterCircle_1mm.uasset" 588
"../../../Engine/Plugins/Animation/ControlRig/Content/Controls/ControlRig_QuarterCircle_1mm.ubulk" 589
"../../../Engine/Plugins/Animation/ControlRig/Content/Controls/ControlRig_QuarterCircle_1mm.uexp" 590
"../../../Engine/Plugins/Animation/ControlRig/Content/Controls/ControlRig_Pyramid_solid.uasset" 591
"../../../Engine/Plugins/Animation/ControlRig/Content/Controls/ControlRig_Pyramid_solid.ubulk" 592
"../../../Engine/Plugins/Animation/ControlRig/Content/Controls/ControlRig_Pyramid_solid.uexp" 593
"../../../Engine/Plugins/Animation/ControlRig/Content/Controls/ControlRig_Pyramid_3mm.uasset" 594
"../../../Engine/Plugins/Animation/ControlRig/Content/Controls/ControlRig_Pyramid_3mm.ubulk" 595
"../../../Engine/Plugins/Animation/ControlRig/Content/Controls/ControlRig_Pyramid_3mm.uexp" 596
"../../../Engine/Plugins/Animation/ControlRig/Content/Controls/ControlRig_Pyramid_1mm.uasset" 597
"../../../Engine/Plugins/Animation/ControlRig/Content/Controls/ControlRig_Pyramid_1mm.ubulk" 598
"../../../Engine/Plugins/Animation/ControlRig/Content/Controls/ControlRig_Pyramid_1mm.uexp" 599
"../../../Engine/Plugins/Animation/ControlRig/Content/Controls/ControlRig_Octagon_solid.uasset" 600
"../../../Engine/Plugins/Animation/ControlRig/Content/Controls/ControlRig_Octagon_solid.ubulk" 601
"../../../Engine/Plugins/Animation/ControlRig/Content/Controls/ControlRig_Octagon_solid.uexp" 602
"../../../Engine/Plugins/Animation/ControlRig/Content/Controls/ControlRig_Octagon_3mm.uasset" 603
"../../../Engine/Plugins/Animation/ControlRig/Content/Controls/ControlRig_Octagon_3mm.ubulk" 604
"../../../Engine/Plugins/Animation/ControlRig/Content/Controls/ControlRig_Octagon_3mm.uexp" 605
"../../../Engine/Plugins/Animation/ControlRig/Content/Controls/ControlRig_Octagon_1mm.uasset" 606
"../../../Engine/Plugins/Animation/ControlRig/Content/Controls/ControlRig_Octagon_1mm.ubulk" 607
"../../../Engine/Plugins/Animation/ControlRig/Content/Controls/ControlRig_Octagon_1mm.uexp" 608
"../../../Engine/Plugins/Animation/ControlRig/Content/Controls/ControlRig_Hexagon_solid.uasset" 609
"../../../Engine/Plugins/Animation/ControlRig/Content/Controls/ControlRig_Hexagon_solid.ubulk" 610
"../../../Engine/Plugins/Animation/ControlRig/Content/Controls/ControlRig_Hexagon_solid.uexp" 611
"../../../Engine/Plugins/Animation/ControlRig/Content/Controls/ControlRig_Hexagon_3mm.uasset" 612
"../../../Engine/Plugins/Animation/ControlRig/Content/Controls/ControlRig_Hexagon_3mm.ubulk" 613
"../../../Engine/Plugins/Animation/ControlRig/Content/Controls/ControlRig_Hexagon_3mm.uexp" 614
"../../../Engine/Plugins/Animation/ControlRig/Content/Controls/ControlRig_Hexagon_1mm.uasset" 615
"../../../Engine/Plugins/Animation/ControlRig/Content/Controls/ControlRig_Hexagon_1mm.ubulk" 616
"../../../Engine/Plugins/Animation/ControlRig/Content/Controls/ControlRig_Hexagon_1mm.uexp" 617
"../../../Engine/Plugins/Animation/ControlRig/Content/Controls/ControlRig_HalfCircle_solid.uasset" 618
"../../../Engine/Plugins/Animation/ControlRig/Content/Controls/ControlRig_HalfCircle_solid.ubulk" 619
"../../../Engine/Plugins/Animation/ControlRig/Content/Controls/ControlRig_HalfCircle_solid.uexp" 620
"../../../Engine/Plugins/Animation/ControlRig/Content/Controls/ControlRig_HalfCircle_3mm.uasset" 621
"../../../Engine/Plugins/Animation/ControlRig/Content/Controls/ControlRig_HalfCircle_3mm.ubulk" 622
"../../../Engine/Plugins/Animation/ControlRig/Content/Controls/ControlRig_HalfCircle_3mm.uexp" 623
"../../../Engine/Plugins/Animation/ControlRig/Content/Controls/ControlRig_HalfCircle_1mm.uasset" 624
"../../../Engine/Plugins/Animation/ControlRig/Content/Controls/ControlRig_HalfCircle_1mm.ubulk" 625
"../../../Engine/Plugins/Animation/ControlRig/Content/Controls/ControlRig_HalfCircle_1mm.uexp" 626
"../../../Engine/Plugins/Animation/ControlRig/Content/Controls/ControlRig_Diamond_solid.uasset" 627
"../../../Engine/Plugins/Animation/ControlRig/Content/Controls/ControlRig_Diamond_solid.ubulk" 628
"../../../Engine/Plugins/Animation/ControlRig/Content/Controls/ControlRig_Diamond_solid.uexp" 629
"../../../Engine/Plugins/Animation/ControlRig/Content/Controls/ControlRig_Diamond_3mm.uasset" 630
"../../../Engine/Plugins/Animation/ControlRig/Content/Controls/ControlRig_Diamond_3mm.ubulk" 631
"../../../Engine/Plugins/Animation/ControlRig/Content/Controls/ControlRig_Diamond_3mm.uexp" 632
"../../../Engine/Plugins/Animation/ControlRig/Content/Controls/ControlRig_Diamond_1mm.uasset" 633
"../../../Engine/Plugins/Animation/ControlRig/Content/Controls/ControlRig_Diamond_1mm.ubulk" 634
"../../../Engine/Plugins/Animation/ControlRig/Content/Controls/ControlRig_Diamond_1mm.uexp" 635
"../../../Engine/Plugins/Animation/ControlRig/Content/Controls/ControlRig_Circle_solid.uasset" 636
"../../../Engine/Plugins/Animation/ControlRig/Content/Controls/ControlRig_Circle_solid.ubulk" 637
"../../../Engine/Plugins/Animation/ControlRig/Content/Controls/ControlRig_Circle_solid.uexp" 638
"../../../Engine/Plugins/Animation/ControlRig/Content/Controls/ControlRig_Circle_3mm.uasset" 639
"../../../Engine/Plugins/Animation/ControlRig/Content/Controls/ControlRig_Circle_3mm.ubulk" 640
"../../../Engine/Plugins/Animation/ControlRig/Content/Controls/ControlRig_Circle_3mm.uexp" 641
"../../../Engine/Plugins/Animation/ControlRig/Content/Controls/ControlRig_Circle_1mm.uasset" 642
"../../../Engine/Plugins/Animation/ControlRig/Content/Controls/ControlRig_Circle_1mm.ubulk" 643
"../../../Engine/Plugins/Animation/ControlRig/Content/Controls/ControlRig_Circle_1mm.uexp" 644
"../../../Engine/Plugins/Animation/ControlRig/Content/Controls/ControlRig_Box_solid.uasset" 645
"../../../Engine/Plugins/Animation/ControlRig/Content/Controls/ControlRig_Box_solid.ubulk" 646
"../../../Engine/Plugins/Animation/ControlRig/Content/Controls/ControlRig_Box_solid.uexp" 647
"../../../Engine/Plugins/Animation/ControlRig/Content/Controls/ControlRig_Box_3mm.uasset" 648
"../../../Engine/Plugins/Animation/ControlRig/Content/Controls/ControlRig_Box_3mm.ubulk" 649
"../../../Engine/Plugins/Animation/ControlRig/Content/Controls/ControlRig_Box_3mm.uexp" 650
"../../../Engine/Plugins/Animation/ControlRig/Content/Controls/ControlRig_Box_1mm.uasset" 651
"../../../Engine/Plugins/Animation/ControlRig/Content/Controls/ControlRig_Box_1mm.ubulk" 652
"../../../Engine/Plugins/Animation/ControlRig/Content/Controls/ControlRig_Box_1mm.uexp" 653
"../../../Engine/Plugins/Animation/ControlRig/Content/Controls/ControlRig_Arrow_solid.uasset" 654
"../../../Engine/Plugins/Animation/ControlRig/Content/Controls/ControlRig_Arrow_solid.ubulk" 655
"../../../Engine/Plugins/Animation/ControlRig/Content/Controls/ControlRig_Arrow_solid.uexp" 656
"../../../Engine/Plugins/Animation/ControlRig/Content/Controls/ControlRig_Arrow_3mm.uasset" 657
"../../../Engine/Plugins/Animation/ControlRig/Content/Controls/ControlRig_Arrow_3mm.ubulk" 658
"../../../Engine/Plugins/Animation/ControlRig/Content/Controls/ControlRig_Arrow_3mm.uexp" 659
"../../../Engine/Plugins/Animation/ControlRig/Content/Controls/ControlRig_Arrow_1mm.uasset" 660
"../../../Engine/Plugins/Animation/ControlRig/Content/Controls/ControlRig_Arrow_1mm.ubulk" 661
"../../../Engine/Plugins/Animation/ControlRig/Content/Controls/ControlRig_Arrow_1mm.uexp" 662
"../../../Engine/Plugins/Animation/ControlRig/Content/Controls/ControlRig_Arrow4_solid.uasset" 663
"../../../Engine/Plugins/Animation/ControlRig/Content/Controls/ControlRig_Arrow4_solid.ubulk" 664
"../../../Engine/Plugins/Animation/ControlRig/Content/Controls/ControlRig_Arrow4_solid.uexp" 665
"../../../Engine/Plugins/Animation/ControlRig/Content/Controls/ControlRig_Arrow4_3mm.uasset" 666
"../../../Engine/Plugins/Animation/ControlRig/Content/Controls/ControlRig_Arrow4_3mm.ubulk" 667
"../../../Engine/Plugins/Animation/ControlRig/Content/Controls/ControlRig_Arrow4_3mm.uexp" 668
"../../../Engine/Plugins/Animation/ControlRig/Content/Controls/ControlRig_Arrow4_1mm.uasset" 669
"../../../Engine/Plugins/Animation/ControlRig/Content/Controls/ControlRig_Arrow4_1mm.ubulk" 670
"../../../Engine/Plugins/Animation/ControlRig/Content/Controls/ControlRig_Arrow4_1mm.uexp" 671
"../../../Engine/Plugins/Animation/ControlRig/Content/Controls/ControlRig_Arrow2_solid.uasset" 672
"../../../Engine/Plugins/Animation/ControlRig/Content/Controls/ControlRig_Arrow2_solid.ubulk" 673
"../../../Engine/Plugins/Animation/ControlRig/Content/Controls/ControlRig_Arrow2_solid.uexp" 674
"../../../Engine/Plugins/Animation/ControlRig/Content/Controls/ControlRig_Arrow2_3mm.uasset" 675
"../../../Engine/Plugins/Animation/ControlRig/Content/Controls/ControlRig_Arrow2_3mm.ubulk" 676
"../../../Engine/Plugins/Animation/ControlRig/Content/Controls/ControlRig_Arrow2_3mm.uexp" 677
"../../../Engine/Plugins/Animation/ControlRig/Content/Controls/ControlRig_Arrow2_1mm.uasset" 678
"../../../Engine/Plugins/Animation/ControlRig/Content/Controls/ControlRig_Arrow2_1mm.ubulk" 679
"../../../Engine/Plugins/Animation/ControlRig/Content/Controls/ControlRig_Arrow2_1mm.uexp" 680
"../../../Engine/Plugins/Animation/ControlRig/Content/Controls/ControlRigXRayMaterial.uasset" 681
"../../../Engine/Plugins/Animation/ControlRig/Content/Controls/ControlRigXRayMaterial.uexp" 682
"../../../Engine/Plugins/Animation/ControlRig/Content/Controls/ControlRigGizmoMaterial.uasset" 683
"../../../Engine/Plugins/Animation/ControlRig/Content/Controls/ControlRigGizmoMaterial.uexp" 684
"../../../Engine/Plugins/Editor/SpeedTreeImporter/Content/SpeedTree9/game_wind_noise.uasset" 685
"../../../Engine/Plugins/Editor/SpeedTreeImporter/Content/SpeedTree9/game_wind_noise.ubulk" 686
"../../../Engine/Plugins/Editor/SpeedTreeImporter/Content/SpeedTree9/game_wind_noise.uexp" 687
"../../../Engine/Plugins/Editor/SpeedTreeImporter/Content/SpeedTree9/UnpackDirection.uasset" 688
"../../../Engine/Plugins/Editor/SpeedTreeImporter/Content/SpeedTree9/UnpackDirection.uexp" 689
"../../../Engine/Content/Functions/Engine_MaterialFunctions02/ObjectLocalBounds.uasset" 690
"../../../Engine/Content/Functions/Engine_MaterialFunctions02/ObjectLocalBounds.uexp" 691
"../../../Engine/Content/Functions/Engine_MaterialFunctions02/UVs/BoundingBoxBased_0-1_UVW.uasset" 692
"../../../Engine/Content/Functions/Engine_MaterialFunctions02/UVs/BoundingBoxBased_0-1_UVW.uexp" 693
"../../../Engine/Content/Functions/Engine_MaterialFunctions02/Utility/VectorLength.uasset" 694
"../../../Engine/Content/Functions/Engine_MaterialFunctions02/Utility/VectorLength.uexp" 695
"../../../Engine/Plugins/Editor/SpeedTreeImporter/Content/SpeedTree9/UnpackInteger3.uasset" 696
"../../../Engine/Plugins/Editor/SpeedTreeImporter/Content/SpeedTree9/UnpackInteger3.uexp" 697
"../../../Engine/Plugins/Editor/SpeedTreeImporter/Content/SpeedTree9/SpeedTreeCameraFacing.uasset" 698
"../../../Engine/Plugins/Editor/SpeedTreeImporter/Content/SpeedTree9/SpeedTreeCameraFacing.uexp" 699
"../../../Engine/Content/Functions/Engine_MaterialFunctions02/WorldPositionOffset/ObjectScale.uasset" 700
"../../../Engine/Content/Functions/Engine_MaterialFunctions02/WorldPositionOffset/ObjectScale.uexp" 701
"../../../Engine/Content/Functions/Engine_MaterialFunctions02/SafeNormalize.uasset" 702
"../../../Engine/Content/Functions/Engine_MaterialFunctions02/SafeNormalize.uexp" 703
"../../../Engine/Plugins/Editor/SpeedTreeImporter/Content/SpeedTree9/SpeedTreeWindMotion.uasset" 704
"../../../Engine/Plugins/Editor/SpeedTreeImporter/Content/SpeedTree9/SpeedTreeWindMotion.uexp" 705
"../../../Engine/Plugins/Editor/SpeedTreeImporter/Content/SpeedTree9/SpeedTreeBranchMotion.uasset" 706
"../../../Engine/Plugins/Editor/SpeedTreeImporter/Content/SpeedTree9/SpeedTreeBranchMotion.uexp" 707
"../../../Engine/Plugins/Editor/SpeedTreeImporter/Content/SpeedTree9/SpeedTreeWind.uasset" 708
"../../../Engine/Plugins/Editor/SpeedTreeImporter/Content/SpeedTree9/SpeedTreeWind.uexp" 709
"../../../Engine/Plugins/Editor/SpeedTreeImporter/Content/SpeedTree9/EmptyNormal.uasset" 710
"../../../Engine/Plugins/Editor/SpeedTreeImporter/Content/SpeedTree9/EmptyNormal.uexp" 711
"../../../Engine/Plugins/Editor/SpeedTreeImporter/Content/SpeedTree9/Empty.uasset" 712
"../../../Engine/Plugins/Editor/SpeedTreeImporter/Content/SpeedTree9/Empty.uexp" 713
"../../../Engine/Plugins/Editor/SpeedTreeImporter/Content/SpeedTree9/SpeedTreeMaster.uasset" 714
"../../../Engine/Plugins/Editor/SpeedTreeImporter/Content/SpeedTree9/SpeedTreeMaster.uexp" 715
"../../../Engine/Plugins/Editor/SpeedTreeImporter/Content/SpeedTree9/SpeedTreeBillboard.uasset" 716
"../../../Engine/Plugins/Editor/SpeedTreeImporter/Content/SpeedTree9/SpeedTreeBillboard.uexp" 717
"../../../Engine/Plugins/Editor/SpeedTreeImporter/Content/SpeedTree9/SpeedTreeBillboardMaster.uasset" 718
"../../../Engine/Plugins/Editor/SpeedTreeImporter/Content/SpeedTree9/SpeedTreeBillboardMaster.uexp" 719
"../../../Engine/Content/Functions/Engine_MaterialFunctions02/Texturing/ScreenAlignedPixelToPixelUVs.uasset" 720
"../../../Engine/Content/Functions/Engine_MaterialFunctions02/Texturing/ScreenAlignedPixelToPixelUVs.uexp" 721
"../../../Engine/Plugins/Interchange/Runtime/Content/Utilities/T_Bayer64_Grayscale_64px.uasset" 722
"../../../Engine/Plugins/Interchange/Runtime/Content/Utilities/T_Bayer64_Grayscale_64px.uexp" 723
"../../../Engine/Plugins/Interchange/Runtime/Content/gltf/MaterialFunctions/MF_Temporal_Blur.uasset" 724
"../../../Engine/Plugins/Interchange/Runtime/Content/gltf/MaterialFunctions/MF_Temporal_Blur.uexp" 725
"../../../Engine/Plugins/Interchange/Runtime/Content/gltf/MaterialFunctions/MF_Fresnel_DS.uasset" 726
"../../../Engine/Plugins/Interchange/Runtime/Content/gltf/MaterialFunctions/MF_Fresnel_DS.uexp" 727
"../../../Engine/Plugins/Interchange/Runtime/Content/Functions/MX_Transmission.uasset" 728
"../../../Engine/Plugins/Interchange/Runtime/Content/Functions/MX_Transmission.uexp" 729
"../../../Engine/Plugins/Interchange/Runtime/Content/Functions/MF_OrenNayerView.uasset" 730
"../../../Engine/Plugins/Interchange/Runtime/Content/Functions/MF_OrenNayerView.uexp" 731
"../../../Engine/Plugins/Interchange/Runtime/Content/Functions/MF_SchlickApprox.uasset" 732
"../../../Engine/Plugins/Interchange/Runtime/Content/Functions/MF_SchlickApprox.uexp" 733
"../../../Engine/Plugins/Interchange/Runtime/Content/Utilities/New_LUT.uasset" 734
"../../../Engine/Plugins/Interchange/Runtime/Content/Utilities/New_LUT.uexp" 735
"../../../Engine/Content/Functions/Engine_MaterialFunctions03/Math/RemapValueRange.uasset" 736
"../../../Engine/Content/Functions/Engine_MaterialFunctions03/Math/RemapValueRange.uexp" 737
"../../../Engine/Plugins/Interchange/Runtime/Content/Functions/MF_Iridescence.uasset" 738
"../../../Engine/Plugins/Interchange/Runtime/Content/Functions/MF_Iridescence.uexp" 739
"../../../Engine/Plugins/Interchange/Runtime/Content/Functions/MX_StandardSurface.uasset" 740
"../../../Engine/Plugins/Interchange/Runtime/Content/Functions/MX_StandardSurface.uexp" 741
"../../../Engine/Plugins/Interchange/Runtime/Content/Functions/MX_TransmissionSurface.uasset" 742
"../../../Engine/Plugins/Interchange/Runtime/Content/Functions/MX_TransmissionSurface.uexp" 743
"../../../Engine/Content/Functions/Engine_MaterialFunctions02/Math/AddComponents.uasset" 744
"../../../Engine/Content/Functions/Engine_MaterialFunctions02/Math/AddComponents.uexp" 745
"../../../Engine/Content/Functions/Engine_MaterialFunctions02/WorldPositionOffset/V2/ObjectScale.uasset" 746
"../../../Engine/Content/Functions/Engine_MaterialFunctions02/WorldPositionOffset/V2/ObjectScale.uexp" 747
"../../../Engine/Plugins/Interchange/Runtime/Content/gltf/MaterialFunctions/MF_TransmissionOpacity.uasset" 748
"../../../Engine/Plugins/Interchange/Runtime/Content/gltf/MaterialFunctions/MF_TransmissionOpacity.uexp" 749
"../../../Engine/Plugins/Interchange/Runtime/Content/gltf/MaterialFunctions/MF_RotateV2.uasset" 750
"../../../Engine/Plugins/Interchange/Runtime/Content/gltf/MaterialFunctions/MF_RotateV2.uexp" 751
"../../../Engine/Plugins/Interchange/Runtime/Content/gltf/MaterialFunctions/MF_TransformUVs.uasset" 752
"../../../Engine/Plugins/Interchange/Runtime/Content/gltf/MaterialFunctions/MF_TransformUVs.uexp" 753
"../../../Engine/Plugins/Interchange/Runtime/Content/gltf/Textures/T_White_srgb.uasset" 754
"../../../Engine/Plugins/Interchange/Runtime/Content/gltf/Textures/T_White_srgb.uexp" 755
"../../../Engine/Plugins/Interchange/Runtime/Content/gltf/MaterialFunctions/MF_BaseColor.uasset" 756
"../../../Engine/Plugins/Interchange/Runtime/Content/gltf/MaterialFunctions/MF_BaseColor.uexp" 757
"../../../Engine/Plugins/Interchange/Runtime/Content/gltf/MaterialFunctions/MF_DiffuseSpecGloss.uasset" 758
"../../../Engine/Plugins/Interchange/Runtime/Content/gltf/MaterialFunctions/MF_DiffuseSpecGloss.uexp" 759
"../../../Engine/Plugins/Interchange/Runtime/Content/gltf/Textures/T_White_Linear.uasset" 760
"../../../Engine/Plugins/Interchange/Runtime/Content/gltf/Textures/T_White_Linear.uexp" 761
"../../../Engine/Plugins/Interchange/Runtime/Content/gltf/MaterialFunctions/MF_MetallicRoughness.uasset" 762
"../../../Engine/Plugins/Interchange/Runtime/Content/gltf/MaterialFunctions/MF_MetallicRoughness.uexp" 763
"../../../Engine/Plugins/Interchange/Runtime/Content/gltf/MaterialFunctions/MF_Transmission.uasset" 764
"../../../Engine/Plugins/Interchange/Runtime/Content/gltf/MaterialFunctions/MF_Transmission.uexp" 765
"../../../Engine/Plugins/Interchange/Runtime/Content/gltf/MaterialFunctions/MF_Occlusion.uasset" 766
"../../../Engine/Plugins/Interchange/Runtime/Content/gltf/MaterialFunctions/MF_Occlusion.uexp" 767
"../../../Engine/Plugins/Interchange/Runtime/Content/gltf/MaterialFunctions/MF_Specular.uasset" 768
"../../../Engine/Plugins/Interchange/Runtime/Content/gltf/MaterialFunctions/MF_Specular.uexp" 769
"../../../Engine/Plugins/Interchange/Runtime/Content/gltf/MaterialFunctions/MF_IOR.uasset" 770
"../../../Engine/Plugins/Interchange/Runtime/Content/gltf/MaterialFunctions/MF_IOR.uexp" 771
"../../../Engine/Content/Functions/Engine_MaterialFunctions02/Math/Transform3x3Matrix.uasset" 772
"../../../Engine/Content/Functions/Engine_MaterialFunctions02/Math/Transform3x3Matrix.uexp" 773
"../../../Engine/Plugins/Interchange/Runtime/Content/gltf/MaterialFunctions/MF_RotateNormals_TS.uasset" 774
"../../../Engine/Plugins/Interchange/Runtime/Content/gltf/MaterialFunctions/MF_RotateNormals_TS.uexp" 775
"../../../Engine/Plugins/Interchange/Runtime/Content/gltf/Textures/T_Generic_N.uasset" 776
"../../../Engine/Plugins/Interchange/Runtime/Content/gltf/Textures/T_Generic_N.uexp" 777
"../../../Engine/Plugins/Interchange/Runtime/Content/gltf/MaterialFunctions/MF_Normals.uasset" 778
"../../../Engine/Plugins/Interchange/Runtime/Content/gltf/MaterialFunctions/MF_Normals.uexp" 779
"../../../Engine/Plugins/Interchange/Runtime/Content/gltf/MaterialFunctions/MF_PerceivedBrightness.uasset" 780
"../../../Engine/Plugins/Interchange/Runtime/Content/gltf/MaterialFunctions/MF_PerceivedBrightness.uexp" 781
"../../../Engine/Plugins/Interchange/Runtime/Content/gltf/MaterialFunctions/MF_SpecGlossToMetalRoughness.uasset" 782
"../../../Engine/Plugins/Interchange/Runtime/Content/gltf/MaterialFunctions/MF_SpecGlossToMetalRoughness.uexp" 783
"../../../Engine/Plugins/Interchange/Runtime/Content/gltf/M_Transmission.uasset" 784
"../../../Engine/Plugins/Interchange/Runtime/Content/gltf/M_Transmission.uexp" 785
"../../../Engine/Plugins/Interchange/Runtime/Content/gltf/MaterialInstances_MR/MI_Transmission_TS.uasset" 786
"../../../Engine/Plugins/Interchange/Runtime/Content/gltf/MaterialInstances_MR/MI_Transmission_TS.uexp" 787
"../../../Engine/Plugins/Interchange/Runtime/Content/gltf/MaterialInstances_MR/MI_Transmission.uasset" 788
"../../../Engine/Plugins/Interchange/Runtime/Content/gltf/MaterialInstances_MR/MI_Transmission.uexp" 789
"../../../Engine/Plugins/Interchange/Runtime/Content/gltf/MaterialFunctions/MF_Clearcoat.uasset" 790
"../../../Engine/Plugins/Interchange/Runtime/Content/gltf/MaterialFunctions/MF_Clearcoat.uexp" 791
"../../../Engine/Plugins/Interchange/Runtime/Content/gltf/MaterialFunctions/MF_Emissive.uasset" 792
"../../../Engine/Plugins/Interchange/Runtime/Content/gltf/MaterialFunctions/MF_Emissive.uexp" 793
"../../../Engine/Plugins/Interchange/Runtime/Content/gltf/M_Translucent.uasset" 794
"../../../Engine/Plugins/Interchange/Runtime/Content/gltf/M_Translucent.uexp" 795
"../../../Engine/Plugins/Interchange/Runtime/Content/gltf/MaterialInstances_MR/MI_Translucent_TS.uasset" 796
"../../../Engine/Plugins/Interchange/Runtime/Content/gltf/MaterialInstances_MR/MI_Translucent_TS.uexp" 797
"../../../Engine/Plugins/Interchange/Runtime/Content/gltf/MaterialInstances_MR/MI_Translucent_ClearCoat_TS.uasset" 798
"../../../Engine/Plugins/Interchange/Runtime/Content/gltf/MaterialInstances_MR/MI_Translucent_ClearCoat_TS.uexp" 799
"../../../Engine/Plugins/Interchange/Runtime/Content/gltf/MaterialInstances_MR/MI_Translucent_ClearCoat.uasset" 800
"../../../Engine/Plugins/Interchange/Runtime/Content/gltf/MaterialInstances_MR/MI_Translucent_ClearCoat.uexp" 801
"../../../Engine/Plugins/Interchange/Runtime/Content/gltf/MaterialInstances_MR/MI_Translucent.uasset" 802
"../../../Engine/Plugins/Interchange/Runtime/Content/gltf/MaterialInstances_MR/MI_Translucent.uexp" 803
"../../../Engine/Plugins/Interchange/Runtime/Content/gltf/M_Unlit.uasset" 804
"../../../Engine/Plugins/Interchange/Runtime/Content/gltf/M_Unlit.uexp" 805
"../../../Engine/Plugins/Interchange/Runtime/Content/gltf/MaterialInstances_MR/MI_Opaque_Unlit_TS.uasset" 806
"../../../Engine/Plugins/Interchange/Runtime/Content/gltf/MaterialInstances_MR/MI_Opaque_Unlit_TS.uexp" 807
"../../../Engine/Plugins/Interchange/Runtime/Content/gltf/MaterialInstances_MR/MI_Opaque_Unlit.uasset" 808
"../../../Engine/Plugins/Interchange/Runtime/Content/gltf/MaterialInstances_MR/MI_Opaque_Unlit.uexp" 809
"../../../Engine/Plugins/Interchange/Runtime/Content/gltf/M_Opaque.uasset" 810
"../../../Engine/Plugins/Interchange/Runtime/Content/gltf/M_Opaque.uexp" 811
"../../../Engine/Plugins/Interchange/Runtime/Content/gltf/MaterialInstances_MR/MI_Opaque_TS.uasset" 812
"../../../Engine/Plugins/Interchange/Runtime/Content/gltf/MaterialInstances_MR/MI_Opaque_TS.uexp" 813
"../../../Engine/Plugins/Interchange/Runtime/Content/gltf/MaterialFunctions/MF_Sheen.uasset" 814
"../../../Engine/Plugins/Interchange/Runtime/Content/gltf/MaterialFunctions/MF_Sheen.uexp" 815
"../../../Engine/Content/Functions/Engine_MaterialFunctions01/Shading/FuzzyShading.uasset" 816
"../../../Engine/Content/Functions/Engine_MaterialFunctions01/Shading/FuzzyShading.uexp" 817
"../../../Engine/Plugins/Interchange/Runtime/Content/gltf/M_Sheen.uasset" 818
"../../../Engine/Plugins/Interchange/Runtime/Content/gltf/M_Sheen.uexp" 819
"../../../Engine/Plugins/Interchange/Runtime/Content/gltf/MaterialInstances_MR/MI_Opaque_Sheen_TS.uasset" 820
"../../../Engine/Plugins/Interchange/Runtime/Content/gltf/MaterialInstances_MR/MI_Opaque_Sheen_TS.uexp" 821
"../../../Engine/Plugins/Interchange/Runtime/Content/gltf/MaterialInstances_MR/MI_Opaque_Sheen.uasset" 822
"../../../Engine/Plugins/Interchange/Runtime/Content/gltf/MaterialInstances_MR/MI_Opaque_Sheen.uexp" 823
"../../../Engine/Plugins/Interchange/Runtime/Content/gltf/MaterialInstances_MR/MI_Opaque_ClearCoat_TS.uasset" 824
"../../../Engine/Plugins/Interchange/Runtime/Content/gltf/MaterialInstances_MR/MI_Opaque_ClearCoat_TS.uexp" 825
"../../../Engine/Plugins/Interchange/Runtime/Content/gltf/MaterialInstances_MR/MI_Opaque_ClearCoat.uasset" 826
"../../../Engine/Plugins/Interchange/Runtime/Content/gltf/MaterialInstances_MR/MI_Opaque_ClearCoat.uexp" 827
"../../../Engine/Plugins/Interchange/Runtime/Content/gltf/MaterialInstances_MR/MI_Opaque.uasset" 828
"../../../Engine/Plugins/Interchange/Runtime/Content/gltf/MaterialInstances_MR/MI_Opaque.uexp" 829
"../../../Engine/Plugins/Interchange/Runtime/Content/gltf/MaterialInstances_SG/MI_Transmission_TS.uasset" 830
"../../../Engine/Plugins/Interchange/Runtime/Content/gltf/MaterialInstances_SG/MI_Transmission_TS.uexp" 831
"../../../Engine/Plugins/Interchange/Runtime/Content/gltf/MaterialInstances_SG/MI_Transmission.uasset" 832
"../../../Engine/Plugins/Interchange/Runtime/Content/gltf/MaterialInstances_SG/MI_Transmission.uexp" 833
"../../../Engine/Plugins/Interchange/Runtime/Content/gltf/MaterialInstances_SG/MI_Translucent_TS.uasset" 834
"../../../Engine/Plugins/Interchange/Runtime/Content/gltf/MaterialInstances_SG/MI_Translucent_TS.uexp" 835
"../../../Engine/Plugins/Interchange/Runtime/Content/gltf/MaterialInstances_SG/MI_Translucent_ClearCoat_TS.uasset" 836
"../../../Engine/Plugins/Interchange/Runtime/Content/gltf/MaterialInstances_SG/MI_Translucent_ClearCoat_TS.uexp" 837
"../../../Engine/Plugins/Interchange/Runtime/Content/gltf/MaterialInstances_SG/MI_Translucent_ClearCoat.uasset" 838
"../../../Engine/Plugins/Interchange/Runtime/Content/gltf/MaterialInstances_SG/MI_Translucent_ClearCoat.uexp" 839
"../../../Engine/Plugins/Interchange/Runtime/Content/gltf/MaterialInstances_SG/MI_Translucent.uasset" 840
"../../../Engine/Plugins/Interchange/Runtime/Content/gltf/MaterialInstances_SG/MI_Translucent.uexp" 841
"../../../Engine/Plugins/Interchange/Runtime/Content/gltf/MaterialInstances_SG/MI_Opaque_TS.uasset" 842
"../../../Engine/Plugins/Interchange/Runtime/Content/gltf/MaterialInstances_SG/MI_Opaque_TS.uexp" 843
"../../../Engine/Plugins/Interchange/Runtime/Content/gltf/MaterialInstances_SG/MI_Opaque_Sheen_TS.uasset" 844
"../../../Engine/Plugins/Interchange/Runtime/Content/gltf/MaterialInstances_SG/MI_Opaque_Sheen_TS.uexp" 845
"../../../Engine/Plugins/Interchange/Runtime/Content/gltf/MaterialInstances_SG/MI_Opaque_Sheen.uasset" 846
"../../../Engine/Plugins/Interchange/Runtime/Content/gltf/MaterialInstances_SG/MI_Opaque_Sheen.uexp" 847
"../../../Engine/Plugins/Interchange/Runtime/Content/gltf/MaterialInstances_SG/MI_Opaque_ClearCoat_TS.uasset" 848
"../../../Engine/Plugins/Interchange/Runtime/Content/gltf/MaterialInstances_SG/MI_Opaque_ClearCoat_TS.uexp" 849
"../../../Engine/Plugins/Interchange/Runtime/Content/gltf/MaterialInstances_SG/MI_Opaque_ClearCoat.uasset" 850
"../../../Engine/Plugins/Interchange/Runtime/Content/gltf/MaterialInstances_SG/MI_Opaque_ClearCoat.uexp" 851
"../../../Engine/Plugins/Interchange/Runtime/Content/gltf/MaterialInstances_SG/MI_Opaque.uasset" 852
"../../../Engine/Plugins/Interchange/Runtime/Content/gltf/MaterialInstances_SG/MI_Opaque.uexp" 853
"../../../Engine/Plugins/Interchange/Runtime/Content/gltf/Textures/T_Gray_Linear.uasset" 854
"../../../Engine/Plugins/Interchange/Runtime/Content/gltf/Textures/T_Gray_Linear.uexp" 855
"../../../Engine/Plugins/Interchange/Runtime/Content/gltf/Textures/T_Black_srgb.uasset" 856
"../../../Engine/Plugins/Interchange/Runtime/Content/gltf/Textures/T_Black_srgb.uexp" 857
"../../../Engine/Plugins/Interchange/Runtime/Content/Materials/UnlitMaterial.uasset" 858
"../../../Engine/Plugins/Interchange/Runtime/Content/Materials/UnlitMaterial.uexp" 859
"../../../Engine/Content/EngineMaterials/DefaultNormal.uasset" 860
"../../../Engine/Content/EngineMaterials/DefaultNormal.ubulk" 861
"../../../Engine/Content/EngineMaterials/DefaultNormal.uexp" 862
"../../../Engine/Plugins/Interchange/Runtime/Content/Materials/MapOrScalarFunction.uasset" 863
"../../../Engine/Plugins/Interchange/Runtime/Content/Materials/MapOrScalarFunction.uexp" 864
"../../../Engine/Plugins/Interchange/Runtime/Content/Materials/MapOrLinearColorFunction.uasset" 865
"../../../Engine/Plugins/Interchange/Runtime/Content/Materials/MapOrLinearColorFunction.uexp" 866
"../../../Engine/Plugins/Interchange/Runtime/Content/Materials/MapOrColorFunction.uasset" 867
"../../../Engine/Plugins/Interchange/Runtime/Content/Materials/MapOrColorFunction.uexp" 868
"../../../Engine/Plugins/Interchange/Runtime/Content/Materials/CommonMaterial.uasset" 869
"../../../Engine/Plugins/Interchange/Runtime/Content/Materials/CommonMaterial.uexp" 870
"../../../Engine/Plugins/Interchange/Runtime/Content/Materials/PBRSurfaceFunction.uasset" 871
"../../../Engine/Plugins/Interchange/Runtime/Content/Materials/PBRSurfaceFunction.uexp" 872
"../../../Engine/Plugins/Interchange/Runtime/Content/Materials/ThinTranslucentMaterial.uasset" 873
"../../../Engine/Plugins/Interchange/Runtime/Content/Materials/ThinTranslucentMaterial.uexp" 874
"../../../Engine/Plugins/Interchange/Runtime/Content/Materials/SubsurfaceMaterial.uasset" 875
"../../../Engine/Plugins/Interchange/Runtime/Content/Materials/SubsurfaceMaterial.uexp" 876
"../../../Engine/Plugins/Interchange/Runtime/Content/Materials/SheenMaterial.uasset" 877
"../../../Engine/Plugins/Interchange/Runtime/Content/Materials/SheenMaterial.uexp" 878
"../../../Engine/Content/Functions/Engine_MaterialFunctions01/Shading/ConvertFromDiffSpec.uasset" 879
"../../../Engine/Content/Functions/Engine_MaterialFunctions01/Shading/ConvertFromDiffSpec.uexp" 880
"../../../Engine/Plugins/Interchange/Runtime/Content/Materials/PhongSurfaceMaterial.uasset" 881
"../../../Engine/Plugins/Interchange/Runtime/Content/Materials/PhongSurfaceMaterial.uexp" 882
"../../../Engine/Plugins/Interchange/Runtime/Content/Materials/PBRSurfaceMaterial.uasset" 883
"../../../Engine/Plugins/Interchange/Runtime/Content/Materials/PBRSurfaceMaterial.uexp" 884
"../../../Engine/Content/EngineMaterials/FlatNormal.uasset" 885
"../../../Engine/Content/EngineMaterials/FlatNormal.uexp" 886
"../../../Engine/Plugins/Interchange/Runtime/Content/Materials/OrenNayerMaterial.uasset" 887
"../../../Engine/Plugins/Interchange/Runtime/Content/Materials/OrenNayerMaterial.uexp" 888
"../../../Engine/Plugins/Interchange/Runtime/Content/Materials/LambertSurfaceMaterial.uasset" 889
"../../../Engine/Plugins/Interchange/Runtime/Content/Materials/LambertSurfaceMaterial.uexp" 890
"../../../Engine/Plugins/Interchange/Runtime/Content/Materials/ClearCoatMaterial.uasset" 891
"../../../Engine/Plugins/Interchange/Runtime/Content/Materials/ClearCoatMaterial.uexp" 892
"../../../Engine/Plugins/Interchange/Runtime/Content/Pipelines/DefaultTexturePipeline.uasset" 893
"../../../Engine/Plugins/Interchange/Runtime/Content/Pipelines/DefaultTexturePipeline.uexp" 894
"../../../Engine/Plugins/Interchange/Runtime/Content/Pipelines/DefaultSceneLevelPipeline.uasset" 895
"../../../Engine/Plugins/Interchange/Runtime/Content/Pipelines/DefaultSceneLevelPipeline.uexp" 896
"../../../Engine/Plugins/Interchange/Runtime/Content/Pipelines/DefaultSceneAssetsPipeline.uasset" 897
"../../../Engine/Plugins/Interchange/Runtime/Content/Pipelines/DefaultSceneAssetsPipeline.uexp" 898
"../../../Engine/Plugins/Interchange/Runtime/Content/Pipelines/DefaultMaterialPipeline.uasset" 899
"../../../Engine/Plugins/Interchange/Runtime/Content/Pipelines/DefaultMaterialPipeline.uexp" 900
"../../../Engine/Plugins/Interchange/Runtime/Content/Pipelines/DefaultAssetsPipeline.uasset" 901
"../../../Engine/Plugins/Interchange/Runtime/Content/Pipelines/DefaultAssetsPipeline.uexp" 902
"../../../Engine/Plugins/Runtime/MeshModelingToolset/Content/Materials/M_DynamicMeshComponentVtxColor.uasset" 903
"../../../Engine/Plugins/Runtime/MeshModelingToolset/Content/Materials/M_DynamicMeshComponentVtxColor.uexp" 904
"F:/Workshop_13_r3/Content/AnimStarterPack/UE4_Mannequin/Mesh/SK_Mannequin.uasset" 905
"F:/Workshop_13_r3/Content/AnimStarterPack/UE4_Mannequin/Mesh/SK_Mannequin.uexp" 906
"F:/Workshop_13_r3/Content/StarterContent/Audio/Explosion02.uasset" 907
"F:/Workshop_13_r3/Content/StarterContent/Audio/Explosion02.ubulk" 908
"F:/Workshop_13_r3/Content/StarterContent/Audio/Explosion02.uexp" 909
"F:/Workshop_13_r3/Content/StarterContent/Audio/Explosion01.uasset" 910
"F:/Workshop_13_r3/Content/StarterContent/Audio/Explosion01.ubulk" 911
"F:/Workshop_13_r3/Content/StarterContent/Audio/Explosion01.uexp" 912
"F:/Workshop_13_r3/Content/Workshop_13/Maps/new_lewel_01/Bilding_Egor.umap" 913
"F:/Workshop_13_r3/Content/Workshop_13/Maps/new_lewel_01/Bilding_Egor.uexp" 914
"../../../Engine/Content/BasicShapes/Cylinder.uasset" 915
"../../../Engine/Content/BasicShapes/Cylinder.ubulk" 916
"../../../Engine/Content/BasicShapes/Cylinder.uexp" 917
"../../../Engine/Content/BasicShapes/Plane.uasset" 918
"../../../Engine/Content/BasicShapes/Plane.ubulk" 919
"../../../Engine/Content/BasicShapes/Plane.uexp" 920
"F:/Workshop_13_r3/Content/StarterContent/Materials/M_Basic_Wall.uasset" 921
"F:/Workshop_13_r3/Content/StarterContent/Materials/M_Basic_Wall.uexp" 922
"F:/Workshop_13_r3/Content/StarterContent/Architecture/Wall_Door_400x300.uasset" 923
"F:/Workshop_13_r3/Content/StarterContent/Architecture/Wall_Door_400x300.ubulk" 924
"F:/Workshop_13_r3/Content/StarterContent/Architecture/Wall_Door_400x300.uexp" 925
"F:/Workshop_13_r3/Content/StarterContent/Shapes/Shape_Cylinder.uasset" 926
"F:/Workshop_13_r3/Content/StarterContent/Shapes/Shape_Cylinder.ubulk" 927
"F:/Workshop_13_r3/Content/StarterContent/Shapes/Shape_Cylinder.uexp" 928
"F:/Workshop_13_r3/Content/StarterContent/Shapes/Shape_Cube.uasset" 929
"F:/Workshop_13_r3/Content/StarterContent/Shapes/Shape_Cube.ubulk" 930
"F:/Workshop_13_r3/Content/StarterContent/Shapes/Shape_Cube.uexp" 931
"F:/Workshop_13_r3/Content/StarterContent/Architecture/Pillar_50x500.uasset" 932
"F:/Workshop_13_r3/Content/StarterContent/Architecture/Pillar_50x500.ubulk" 933
"F:/Workshop_13_r3/Content/StarterContent/Architecture/Pillar_50x500.uexp" 934
"F:/Workshop_13_r3/Content/StarterContent/Architecture/Wall_400x400.uasset" 935
"F:/Workshop_13_r3/Content/StarterContent/Architecture/Wall_400x400.ubulk" 936
"F:/Workshop_13_r3/Content/StarterContent/Architecture/Wall_400x400.uexp" 937
"../../../Engine/Content/EngineSky/C_Sky_Horizon_Color.uasset" 938
"../../../Engine/Content/EngineSky/C_Sky_Horizon_Color.uexp" 939
"../../../Engine/Content/EngineSky/T_Sky_Stars.uasset" 940
"../../../Engine/Content/EngineSky/T_Sky_Stars.ubulk" 941
"../../../Engine/Content/EngineSky/T_Sky_Stars.uexp" 942
"../../../Engine/Content/EngineSky/T_Sky_Clouds_M.uasset" 943
"../../../Engine/Content/EngineSky/T_Sky_Clouds_M.ubulk" 944
"../../../Engine/Content/EngineSky/T_Sky_Clouds_M.uexp" 945
"../../../Engine/Content/EngineSky/T_Sky_Blue.uasset" 946
"../../../Engine/Content/EngineSky/T_Sky_Blue.ubulk" 947
"../../../Engine/Content/EngineSky/T_Sky_Blue.uexp" 948
"../../../Engine/Content/EngineSky/M_Sky_Panning_Clouds2.uasset" 949
"../../../Engine/Content/EngineSky/M_Sky_Panning_Clouds2.uexp" 950
"../../../Engine/Content/EngineSky/SM_SkySphere.uasset" 951
"../../../Engine/Content/EngineSky/SM_SkySphere.ubulk" 952
"../../../Engine/Content/EngineSky/SM_SkySphere.uexp" 953
"../../../Engine/Content/EngineSky/C_Sky_Cloud_Color.uasset" 954
"../../../Engine/Content/EngineSky/C_Sky_Cloud_Color.uexp" 955
"../../../Engine/Content/EngineSky/C_Sky_Zenith_Color.uasset" 956
"../../../Engine/Content/EngineSky/C_Sky_Zenith_Color.uexp" 957
"../../../Engine/Content/EngineSky/BP_Sky_Sphere.uasset" 958
"../../../Engine/Content/EngineSky/BP_Sky_Sphere.uexp" 959
"F:/Workshop_13_r3/Content/StarterContent/Shapes/Shape_NarrowCapsule.uasset" 960
"F:/Workshop_13_r3/Content/StarterContent/Shapes/Shape_NarrowCapsule.ubulk" 961
"F:/Workshop_13_r3/Content/StarterContent/Shapes/Shape_NarrowCapsule.uexp" 962
"F:/Workshop_13_r3/Content/StarterContent/Architecture/Wall_400x200.uasset" 963
"F:/Workshop_13_r3/Content/StarterContent/Architecture/Wall_400x200.ubulk" 964
"F:/Workshop_13_r3/Content/StarterContent/Architecture/Wall_400x200.uexp" 965
"F:/Workshop_13_r3/Content/StarterContent/Textures/T_Bush_N.uasset" 966
"F:/Workshop_13_r3/Content/StarterContent/Textures/T_Bush_N.ubulk" 967
"F:/Workshop_13_r3/Content/StarterContent/Textures/T_Bush_N.uexp" 968
"F:/Workshop_13_r3/Content/StarterContent/Textures/T_Bush_D.uasset" 969
"F:/Workshop_13_r3/Content/StarterContent/Textures/T_Bush_D.ubulk" 970
"F:/Workshop_13_r3/Content/StarterContent/Textures/T_Bush_D.uexp" 971
"F:/Workshop_13_r3/Content/StarterContent/Props/Materials/M_Bush.uasset" 972
"F:/Workshop_13_r3/Content/StarterContent/Props/Materials/M_Bush.uexp" 973
"../../../Engine/Content/VREditor/Sounds/UI/Dockable_Window_Close.uasset" 974
"../../../Engine/Content/VREditor/Sounds/UI/Dockable_Window_Close.ubulk" 975
"../../../Engine/Content/VREditor/Sounds/UI/Dockable_Window_Close.uexp" 976
"F:/Workshop_13_r3/Content/Workshop_13/Interaction/Doors/SliderDoor.uasset" 977
"F:/Workshop_13_r3/Content/Workshop_13/Interaction/Doors/SliderDoor.uexp" 978
"F:/Workshop_13_r3/Content/StarterContent/Shapes/Shape_Pipe.uasset" 979
"F:/Workshop_13_r3/Content/StarterContent/Shapes/Shape_Pipe.ubulk" 980
"F:/Workshop_13_r3/Content/StarterContent/Shapes/Shape_Pipe.uexp" 981
"F:/Workshop_13_r3/Content/StarterContent/Props/SM_GlassWindow.uasset" 982
"F:/Workshop_13_r3/Content/StarterContent/Props/SM_GlassWindow.ubulk" 983
"F:/Workshop_13_r3/Content/StarterContent/Props/SM_GlassWindow.uexp" 984
"../../../Engine/Content/MapTemplates/Sky/DaylightAmbientCubemap.uasset" 985
"../../../Engine/Content/MapTemplates/Sky/DaylightAmbientCubemap.uexp" 986
"F:/Workshop_13_r3/Content/StarterContent/Blueprints/Assets/M_LightStage_Skybox_Master.uasset" 987
"F:/Workshop_13_r3/Content/StarterContent/Blueprints/Assets/M_LightStage_Skybox_Master.uexp" 988
"F:/Workshop_13_r3/Content/StarterContent/Blueprints/Assets/M_LightStage_Skybox_Black.uasset" 989
"F:/Workshop_13_r3/Content/StarterContent/Blueprints/Assets/M_LightStage_Skybox_Black.uexp" 990
"F:/Workshop_13_r3/Content/StarterContent/Materials/M_Basic_Floor.uasset" 991
"F:/Workshop_13_r3/Content/StarterContent/Materials/M_Basic_Floor.uexp" 992
"F:/Workshop_13_r3/Content/StarterContent/Props/SM_Stairs.uasset" 993
"F:/Workshop_13_r3/Content/StarterContent/Props/SM_Stairs.ubulk" 994
"F:/Workshop_13_r3/Content/StarterContent/Props/SM_Stairs.uexp" 995
"F:/Workshop_13_r3/Content/StarterContent/Audio/Collapse02.uasset" 996
"F:/Workshop_13_r3/Content/StarterContent/Audio/Collapse02.ubulk" 997
"F:/Workshop_13_r3/Content/StarterContent/Audio/Collapse02.uexp" 998
"F:/Workshop_13_r3/Content/Workshop_13/Interaction/Doors/KickingDoor.uasset" 999
"F:/Workshop_13_r3/Content/Workshop_13/Interaction/Doors/KickingDoor.uexp" 1000
"../../../Engine/Content/BasicShapes/Cone.uasset" 1001
"../../../Engine/Content/BasicShapes/Cone.ubulk" 1002
"../../../Engine/Content/BasicShapes/Cone.uexp" 1003
"F:/Workshop_13_r3/Content/Workshop_13/Materials/BlueLight.uasset" 1004
"F:/Workshop_13_r3/Content/Workshop_13/Materials/BlueLight.uexp" 1005
"F:/Workshop_13_r3/Content/Workshop_13/Interaction/Doors/KeyToDoor.uasset" 1006
"F:/Workshop_13_r3/Content/Workshop_13/Interaction/Doors/KeyToDoor.uexp" 1007
"F:/Workshop_13_r3/Content/Workshop_13/Interaction/Doors/KeyDoor.uasset" 1008
"F:/Workshop_13_r3/Content/Workshop_13/Interaction/Doors/KeyDoor.uexp" 1009
"F:/Workshop_13_r3/Content/StarterContent/Textures/T_TableRound_N.uasset" 1010
"F:/Workshop_13_r3/Content/StarterContent/Textures/T_TableRound_N.ubulk" 1011
"F:/Workshop_13_r3/Content/StarterContent/Textures/T_TableRound_N.uexp" 1012
"F:/Workshop_13_r3/Content/StarterContent/Textures/T_TableRound_M.uasset" 1013
"F:/Workshop_13_r3/Content/StarterContent/Textures/T_TableRound_M.ubulk" 1014
"F:/Workshop_13_r3/Content/StarterContent/Textures/T_TableRound_M.uexp" 1015
"F:/Workshop_13_r3/Content/StarterContent/Props/Materials/M_TableRound.uasset" 1016
"F:/Workshop_13_r3/Content/StarterContent/Props/Materials/M_TableRound.uexp" 1017
"F:/Workshop_13_r3/Content/StarterContent/Props/SM_TableRound.uasset" 1018
"F:/Workshop_13_r3/Content/StarterContent/Props/SM_TableRound.ubulk" 1019
"F:/Workshop_13_r3/Content/StarterContent/Props/SM_TableRound.uexp" 1020
"F:/Workshop_13_r3/Content/StarterContent/Shapes/Shape_WideCapsule.uasset" 1021
"F:/Workshop_13_r3/Content/StarterContent/Shapes/Shape_WideCapsule.ubulk" 1022
"F:/Workshop_13_r3/Content/StarterContent/Shapes/Shape_WideCapsule.uexp" 1023
"F:/Workshop_13_r3/Content/StarterContent/Architecture/Wall_Window_400x300.uasset" 1024
"F:/Workshop_13_r3/Content/StarterContent/Architecture/Wall_Window_400x300.ubulk" 1025
"F:/Workshop_13_r3/Content/StarterContent/Architecture/Wall_Window_400x300.uexp" 1026
"F:/Workshop_13_r3/Content/StarterContent/Audio/Explosion_Cue.uasset" 1027
"F:/Workshop_13_r3/Content/StarterContent/Audio/Explosion_Cue.uexp" 1028
"F:/Workshop_13_r3/Content/Workshop_13/Enemy/Zombie/Animation/Zombie_Scream_Skeleton.uasset" 1029
"F:/Workshop_13_r3/Content/Workshop_13/Enemy/Zombie/Animation/Zombie_Scream_Skeleton.uexp" 1030
"F:/Workshop_13_r3/Content/Workshop_13/Enemy/Zombie/Animation/Zombie_Walk.uasset" 1031
"F:/Workshop_13_r3/Content/Workshop_13/Enemy/Zombie/Animation/Zombie_Walk.uexp" 1032
"F:/Workshop_13_r3/Content/Workshop_13/Enemy/Zombie/Animation/Zombie_Idle.uasset" 1033
"F:/Workshop_13_r3/Content/Workshop_13/Enemy/Zombie/Animation/Zombie_Idle.uexp" 1034
"F:/Workshop_13_r3/Content/Workshop_13/Enemy/Zombie/Animation/Zombie_Idle_1.uasset" 1035
"F:/Workshop_13_r3/Content/Workshop_13/Enemy/Zombie/Animation/Zombie_Idle_1.uexp" 1036
"F:/Workshop_13_r3/Content/Workshop_13/Enemy/Zombie/Animation/Zombie_Attack.uasset" 1037
"F:/Workshop_13_r3/Content/Workshop_13/Enemy/Zombie/Animation/Zombie_Attack.uexp" 1038
"F:/Workshop_13_r3/Content/Workshop_13/Enemy/Zombie/Animation/Zombie_Attack_2.uasset" 1039
"F:/Workshop_13_r3/Content/Workshop_13/Enemy/Zombie/Animation/Zombie_Attack_2.uexp" 1040
"F:/Workshop_13_r3/Content/Workshop_13/Enemy/Zombie/Animation/Zombie_Walking.uasset" 1041
"F:/Workshop_13_r3/Content/Workshop_13/Enemy/Zombie/Animation/Zombie_Walking.uexp" 1042
"F:/Workshop_13_r3/Content/Workshop_13/Enemy/Zombie/Animation/Zombie_AnimBlueprint.uasset" 1043
"F:/Workshop_13_r3/Content/Workshop_13/Enemy/Zombie/Animation/Zombie_AnimBlueprint.uexp" 1044
"F:/Workshop_13_r3/Content/Workshop_13/Enemy/Zombie/AI_Zombie.uasset" 1045
"F:/Workshop_13_r3/Content/Workshop_13/Enemy/Zombie/AI_Zombie.uexp" 1046
"F:/Workshop_13_r3/Content/Workshop_13/Enemy/Zombie/Animation/Zombie_Stand_Up_edit.uasset" 1047
"F:/Workshop_13_r3/Content/Workshop_13/Enemy/Zombie/Animation/Zombie_Stand_Up_edit.uexp" 1048
"F:/Workshop_13_r3/Content/Workshop_13/Enemy/Zombie/Animation/Zombie_Stand_Up_edit_Montage.uasset" 1049
"F:/Workshop_13_r3/Content/Workshop_13/Enemy/Zombie/Animation/Zombie_Stand_Up_edit_Montage.uexp" 1050
"F:/Workshop_13_r3/Content/Workshop_13/Enemy/Zombie/Animation/Zombie_Death.uasset" 1051
"F:/Workshop_13_r3/Content/Workshop_13/Enemy/Zombie/Animation/Zombie_Death.uexp" 1052
"F:/Workshop_13_r3/Content/Workshop_13/Enemy/Zombie/Animation/Zombie_Death_Montage.uasset" 1053
"F:/Workshop_13_r3/Content/Workshop_13/Enemy/Zombie/Animation/Zombie_Death_Montage.uexp" 1054
"F:/Workshop_13_r3/Content/Workshop_13/Enemy/Zombie/Material/Ch10_1002_Normal_low.uasset" 1055
"F:/Workshop_13_r3/Content/Workshop_13/Enemy/Zombie/Material/Ch10_1002_Normal_low.ubulk" 1056
"F:/Workshop_13_r3/Content/Workshop_13/Enemy/Zombie/Material/Ch10_1002_Normal_low.uexp" 1057
"F:/Workshop_13_r3/Content/Workshop_13/Enemy/Zombie/Material/Ch10_1002_Diffuse_low.uasset" 1058
"F:/Workshop_13_r3/Content/Workshop_13/Enemy/Zombie/Material/Ch10_1002_Diffuse_low.ubulk" 1059
"F:/Workshop_13_r3/Content/Workshop_13/Enemy/Zombie/Material/Ch10_1002_Diffuse_low.uexp" 1060
"F:/Workshop_13_r3/Content/Workshop_13/Enemy/Zombie/Material/Ch10_1002_Glossiness_low.uasset" 1061
"F:/Workshop_13_r3/Content/Workshop_13/Enemy/Zombie/Material/Ch10_1002_Glossiness_low.ubulk" 1062
"F:/Workshop_13_r3/Content/Workshop_13/Enemy/Zombie/Material/Ch10_1002_Glossiness_low.uexp" 1063
"F:/Workshop_13_r3/Content/Workshop_13/Enemy/Zombie/Material/Ch10_1001_Glossiness_low.uasset" 1064
"F:/Workshop_13_r3/Content/Workshop_13/Enemy/Zombie/Material/Ch10_1001_Glossiness_low.ubulk" 1065
"F:/Workshop_13_r3/Content/Workshop_13/Enemy/Zombie/Material/Ch10_1001_Glossiness_low.uexp" 1066
"F:/Workshop_13_r3/Content/Workshop_13/Enemy/Zombie/Material/Ch10_1001_Diffuse_low.uasset" 1067
"F:/Workshop_13_r3/Content/Workshop_13/Enemy/Zombie/Material/Ch10_1001_Diffuse_low.ubulk" 1068
"F:/Workshop_13_r3/Content/Workshop_13/Enemy/Zombie/Material/Ch10_1001_Diffuse_low.uexp" 1069
"F:/Workshop_13_r3/Content/Workshop_13/Enemy/Zombie/Material/Ch10_1001_Normal_low.uasset" 1070
"F:/Workshop_13_r3/Content/Workshop_13/Enemy/Zombie/Material/Ch10_1001_Normal_low.ubulk" 1071
"F:/Workshop_13_r3/Content/Workshop_13/Enemy/Zombie/Material/Ch10_1001_Normal_low.uexp" 1072
"F:/Workshop_13_r3/Content/Workshop_13/Enemy/Zombie/Material/ZombieUP_Mat.uasset" 1073
"F:/Workshop_13_r3/Content/Workshop_13/Enemy/Zombie/Material/ZombieUP_Mat.uexp" 1074
"F:/Workshop_13_r3/Content/Workshop_13/Enemy/Zombie/Material/ZombieDOWN_Mat_Inst.uasset" 1075
"F:/Workshop_13_r3/Content/Workshop_13/Enemy/Zombie/Material/ZombieDOWN_Mat_Inst.uexp" 1076
"F:/Workshop_13_r3/Content/Workshop_13/Enemy/Zombie/Animation/Zombie_Scream_PhysicsAsset.uasset" 1077
"F:/Workshop_13_r3/Content/Workshop_13/Enemy/Zombie/Animation/Zombie_Scream_PhysicsAsset.uexp" 1078
"F:/Workshop_13_r3/Content/Workshop_13/Enemy/Zombie/Animation/Zombie_Scream.uasset" 1079
"F:/Workshop_13_r3/Content/Workshop_13/Enemy/Zombie/Animation/Zombie_Scream.uexp" 1080
"F:/Workshop_13_r3/Content/Workshop_13/Enemy/Zombie/Animation/Zombie_Reaction_Hit.uasset" 1081
"F:/Workshop_13_r3/Content/Workshop_13/Enemy/Zombie/Animation/Zombie_Reaction_Hit.uexp" 1082
"F:/Workshop_13_r3/Content/Workshop_13/Enemy/Zombie/Animation/Zombie_Reaction_Hit_Montage.uasset" 1083
"F:/Workshop_13_r3/Content/Workshop_13/Enemy/Zombie/Animation/Zombie_Reaction_Hit_Montage.uexp" 1084
"F:/Workshop_13_r3/Content/Workshop_13/Enemy/Zombie/Zombie.uasset" 1085
"F:/Workshop_13_r3/Content/Workshop_13/Enemy/Zombie/Zombie.uexp" 1086
"F:/Workshop_13_r3/Content/StarterContent/Props/SM_Bush.uasset" 1087
"F:/Workshop_13_r3/Content/StarterContent/Props/SM_Bush.ubulk" 1088
"F:/Workshop_13_r3/Content/StarterContent/Props/SM_Bush.uexp" 1089
"F:/Workshop_13_r3/Content/StarterContent/Shapes/Shape_Sphere.uasset" 1090
"F:/Workshop_13_r3/Content/StarterContent/Shapes/Shape_Sphere.ubulk" 1091
"F:/Workshop_13_r3/Content/StarterContent/Shapes/Shape_Sphere.uexp" 1092
"F:/Workshop_13_r3/Content/StarterContent/Shapes/Shape_Wedge_B.uasset" 1093
"F:/Workshop_13_r3/Content/StarterContent/Shapes/Shape_Wedge_B.ubulk" 1094
"F:/Workshop_13_r3/Content/StarterContent/Shapes/Shape_Wedge_B.uexp" 1095
"F:/Workshop_13_r3/Content/Workshop_13/NewMesh/Ring_03_StaticMesh.uasset" 1096
"F:/Workshop_13_r3/Content/Workshop_13/NewMesh/Ring_03_StaticMesh.ubulk" 1097
"F:/Workshop_13_r3/Content/Workshop_13/NewMesh/Ring_03_StaticMesh.uexp" 1098
"F:/Workshop_13_r3/Content/Workshop_13/NewMesh/Ring_01_StaticMesh.uasset" 1099
"F:/Workshop_13_r3/Content/Workshop_13/NewMesh/Ring_01_StaticMesh.ubulk" 1100
"F:/Workshop_13_r3/Content/Workshop_13/NewMesh/Ring_01_StaticMesh.uexp" 1101
"F:/Workshop_13_r3/Content/Workshop_13/NewMesh/Ring_00_StaticMesh.uasset" 1102
"F:/Workshop_13_r3/Content/Workshop_13/NewMesh/Ring_00_StaticMesh.ubulk" 1103
"F:/Workshop_13_r3/Content/Workshop_13/NewMesh/Ring_00_StaticMesh.uexp" 1104
"F:/Workshop_13_r3/Content/Workshop_13/NewMesh/Ring_02_StaticMesh.uasset" 1105
"F:/Workshop_13_r3/Content/Workshop_13/NewMesh/Ring_02_StaticMesh.ubulk" 1106
"F:/Workshop_13_r3/Content/Workshop_13/NewMesh/Ring_02_StaticMesh.uexp" 1107
"F:/Workshop_13_r3/Content/Workshop_13/NewMesh/Ring_04_StaticMesh.uasset" 1108
"F:/Workshop_13_r3/Content/Workshop_13/NewMesh/Ring_04_StaticMesh.ubulk" 1109
"F:/Workshop_13_r3/Content/Workshop_13/NewMesh/Ring_04_StaticMesh.uexp" 1110
"F:/Workshop_13_r3/Content/Workshop_13/Interaction/Doors/CircleCodePanel.uasset" 1111
"F:/Workshop_13_r3/Content/Workshop_13/Interaction/Doors/CircleCodePanel.uexp" 1112
"F:/Workshop_13_r3/Content/StarterContent/Textures/T_Chair_N.uasset" 1113
"F:/Workshop_13_r3/Content/StarterContent/Textures/T_Chair_N.ubulk" 1114
"F:/Workshop_13_r3/Content/StarterContent/Textures/T_Chair_N.uexp" 1115
"F:/Workshop_13_r3/Content/StarterContent/Textures/T_Chair_M.uasset" 1116
"F:/Workshop_13_r3/Content/StarterContent/Textures/T_Chair_M.ubulk" 1117
"F:/Workshop_13_r3/Content/StarterContent/Textures/T_Chair_M.uexp" 1118
"F:/Workshop_13_r3/Content/StarterContent/Props/Materials/M_Chair.uasset" 1119
"F:/Workshop_13_r3/Content/StarterContent/Props/Materials/M_Chair.uexp" 1120
"F:/Workshop_13_r3/Content/StarterContent/Props/SM_Couch.uasset" 1121
"F:/Workshop_13_r3/Content/StarterContent/Props/SM_Couch.ubulk" 1122
"F:/Workshop_13_r3/Content/StarterContent/Props/SM_Couch.uexp" 1123
"F:/Workshop_13_r3/Content/Workshop_13/Maps/MainLevel.umap" 1124
"F:/Workshop_13_r3/Content/Workshop_13/Maps/MainLevel.uexp" 1125
"../../../Engine/Content/Maps/Entry_BuiltData.uasset" 1126
"../../../Engine/Content/Maps/Entry_BuiltData.uexp" 1127
"../../../Engine/Content/Maps/Entry.umap" 1128
"../../../Engine/Content/Maps/Entry.uexp" 1129
"F:/Workshop_13_r3/Content/Workshop_13/Maps/new_lewel_01/Bilding_01.umap" 1130
"F:/Workshop_13_r3/Content/Workshop_13/Maps/new_lewel_01/Bilding_01.uexp" 1131
"F:/Workshop_13_r3/Content/Workshop_13/Maps/new_lewel_01/Bilding_03.umap" 1132
"F:/Workshop_13_r3/Content/Workshop_13/Maps/new_lewel_01/Bilding_03.uexp" 1133
"F:/Workshop_13_r3/Content/Workshop_13/Maps/new_lewel_01/Bilding_02.umap" 1134
"F:/Workshop_13_r3/Content/Workshop_13/Maps/new_lewel_01/Bilding_02.uexp" 1135
